{"/Users/lauraoliveira/Documents/workspace/carango-bom-base/src/App.js": {"path":"/Users/lauraoliveira/Documents/workspace/carango-bom-base/src/App.js","statementMap":{"0":{"start":{"line":10,"column":17},"end":{"line":19,"column":1}},"1":{"start":{"line":21,"column":18},"end":{"line":40,"column":3}},"2":{"start":{"line":21,"column":41},"end":{"line":40,"column":1}},"3":{"start":{"line":43,"column":18},"end":{"line":43,"column":29}},"4":{"start":{"line":45,"column":2},"end":{"line":57,"column":3}}},"fnMap":{"0":{"name":"(anonymous_0)","decl":{"start":{"line":21,"column":29},"end":{"line":21,"column":30}},"loc":{"start":{"line":21,"column":41},"end":{"line":40,"column":1}},"line":21},"1":{"name":"App","decl":{"start":{"line":42,"column":9},"end":{"line":42,"column":12}},"loc":{"start":{"line":42,"column":15},"end":{"line":58,"column":1}},"line":42}},"branchMap":{},"s":{"0":1,"1":1,"2":1,"3":1,"4":1},"f":{"0":1,"1":1},"b":{},"_coverageSchema":"1a1c01bbd47fc00a2c39e90264f33305004495a9","hash":"4365e3527b1c5506b63e0dd97e0d2e9b413f6e61"}
,"/Users/lauraoliveira/Documents/workspace/carango-bom-base/src/Constants.js": {"path":"/Users/lauraoliveira/Documents/workspace/carango-bom-base/src/Constants.js","statementMap":{"0":{"start":{"line":1,"column":28},"end":{"line":1,"column":31}}},"fnMap":{},"branchMap":{},"s":{"0":0},"f":{},"b":{}}
,"/Users/lauraoliveira/Documents/workspace/carango-bom-base/src/index.js": {"path":"/Users/lauraoliveira/Documents/workspace/carango-bom-base/src/index.js","statementMap":{"0":{"start":{"line":9,"column":0},"end":{"line":14,"column":1}},"1":{"start":{"line":19,"column":0},"end":{"line":19,"column":17}}},"fnMap":{},"branchMap":{},"s":{"0":0,"1":0},"f":{},"b":{}}
,"/Users/lauraoliveira/Documents/workspace/carango-bom-base/src/reportWebVitals.js": {"path":"/Users/lauraoliveira/Documents/workspace/carango-bom-base/src/reportWebVitals.js","statementMap":{"0":{"start":{"line":1,"column":24},"end":{"line":11,"column":1}},"1":{"start":{"line":2,"column":2},"end":{"line":10,"column":3}},"2":{"start":{"line":3,"column":4},"end":{"line":9,"column":6}},"3":{"start":{"line":4,"column":6},"end":{"line":4,"column":25}},"4":{"start":{"line":5,"column":6},"end":{"line":5,"column":25}},"5":{"start":{"line":6,"column":6},"end":{"line":6,"column":25}},"6":{"start":{"line":7,"column":6},"end":{"line":7,"column":25}},"7":{"start":{"line":8,"column":6},"end":{"line":8,"column":26}}},"fnMap":{"0":{"name":"(anonymous_0)","decl":{"start":{"line":1,"column":24},"end":{"line":1,"column":25}},"loc":{"start":{"line":1,"column":41},"end":{"line":11,"column":1}},"line":1},"1":{"name":"(anonymous_1)","decl":{"start":{"line":3,"column":30},"end":{"line":3,"column":31}},"loc":{"start":{"line":3,"column":79},"end":{"line":9,"column":5}},"line":3}},"branchMap":{"0":{"loc":{"start":{"line":2,"column":2},"end":{"line":10,"column":3}},"type":"if","locations":[{"start":{"line":2,"column":2},"end":{"line":10,"column":3}},{"start":{"line":2,"column":2},"end":{"line":10,"column":3}}],"line":2},"1":{"loc":{"start":{"line":2,"column":6},"end":{"line":2,"column":52}},"type":"binary-expr","locations":[{"start":{"line":2,"column":6},"end":{"line":2,"column":17}},{"start":{"line":2,"column":21},"end":{"line":2,"column":52}}],"line":2}},"s":{"0":0,"1":0,"2":0,"3":0,"4":0,"5":0,"6":0,"7":0},"f":{"0":0,"1":0},"b":{"0":[0,0],"1":[0,0]}}
,"/Users/lauraoliveira/Documents/workspace/carango-bom-base/src/api/request.js": {"path":"/Users/lauraoliveira/Documents/workspace/carango-bom-base/src/api/request.js","statementMap":{"0":{"start":{"line":1,"column":22},"end":{"line":1,"column":51}},"1":{"start":{"line":3,"column":30},"end":{"line":5,"column":1}},"2":{"start":{"line":8,"column":17},"end":{"line":11,"column":3}},"3":{"start":{"line":12,"column":2},"end":{"line":14,"column":3}},"4":{"start":{"line":13,"column":4},"end":{"line":13,"column":38}},"5":{"start":{"line":15,"column":19},"end":{"line":15,"column":62}},"6":{"start":{"line":16,"column":2},"end":{"line":18,"column":3}},"7":{"start":{"line":17,"column":4},"end":{"line":17,"column":48}},"8":{"start":{"line":20,"column":2},"end":{"line":20,"column":24}},"9":{"start":{"line":26,"column":23},"end":{"line":26,"column":44}},"10":{"start":{"line":27,"column":24},"end":{"line":27,"column":48}},"11":{"start":{"line":29,"column":2},"end":{"line":29,"column":30}}},"fnMap":{"0":{"name":"request","decl":{"start":{"line":7,"column":15},"end":{"line":7,"column":22}},"loc":{"start":{"line":7,"column":65},"end":{"line":21,"column":1}},"line":7},"1":{"name":"handleError","decl":{"start":{"line":23,"column":22},"end":{"line":23,"column":33}},"loc":{"start":{"line":23,"column":44},"end":{"line":30,"column":1}},"line":23}},"branchMap":{"0":{"loc":{"start":{"line":7,"column":33},"end":{"line":7,"column":63}},"type":"default-arg","locations":[{"start":{"line":7,"column":61},"end":{"line":7,"column":63}}],"line":7},"1":{"loc":{"start":{"line":9,"column":12},"end":{"line":9,"column":40}},"type":"binary-expr","locations":[{"start":{"line":9,"column":12},"end":{"line":9,"column":31}},{"start":{"line":9,"column":35},"end":{"line":9,"column":40}}],"line":9},"2":{"loc":{"start":{"line":12,"column":2},"end":{"line":14,"column":3}},"type":"if","locations":[{"start":{"line":12,"column":2},"end":{"line":14,"column":3}},{"start":{"line":12,"column":2},"end":{"line":14,"column":3}}],"line":12},"3":{"loc":{"start":{"line":16,"column":2},"end":{"line":18,"column":3}},"type":"if","locations":[{"start":{"line":16,"column":2},"end":{"line":18,"column":3}},{"start":{"line":16,"column":2},"end":{"line":18,"column":3}}],"line":16}},"s":{"0":7,"1":7,"2":8,"3":8,"4":0,"5":8,"6":0,"7":0,"8":0,"9":1,"10":1,"11":1},"f":{"0":8,"1":1},"b":{"0":[8],"1":[8,8],"2":[0,8],"3":[0,0]},"_coverageSchema":"1a1c01bbd47fc00a2c39e90264f33305004495a9","hash":"07e0a172988612eb7a2e2f53349a26cb1192721d"}
,"/Users/lauraoliveira/Documents/workspace/carango-bom-base/src/components/CustomPagination/index.jsx": {"path":"/Users/lauraoliveira/Documents/workspace/carango-bom-base/src/components/CustomPagination/index.jsx","statementMap":{"0":{"start":{"line":7,"column":18},"end":{"line":13,"column":3}},"1":{"start":{"line":7,"column":36},"end":{"line":13,"column":1}},"2":{"start":{"line":16,"column":18},"end":{"line":16,"column":29}},"3":{"start":{"line":17,"column":28},"end":{"line":17,"column":55}},"4":{"start":{"line":19,"column":2},"end":{"line":29,"column":3}},"5":{"start":{"line":26,"column":30},"end":{"line":26,"column":74}},"6":{"start":{"line":27,"column":34},"end":{"line":27,"column":67}}},"fnMap":{"0":{"name":"(anonymous_0)","decl":{"start":{"line":7,"column":29},"end":{"line":7,"column":30}},"loc":{"start":{"line":7,"column":36},"end":{"line":13,"column":1}},"line":7},"1":{"name":"CustomPagination","decl":{"start":{"line":15,"column":9},"end":{"line":15,"column":25}},"loc":{"start":{"line":15,"column":28},"end":{"line":30,"column":1}},"line":15},"2":{"name":"(anonymous_2)","decl":{"start":{"line":26,"column":18},"end":{"line":26,"column":19}},"loc":{"start":{"line":26,"column":30},"end":{"line":26,"column":74}},"line":26},"3":{"name":"(anonymous_3)","decl":{"start":{"line":27,"column":16},"end":{"line":27,"column":17}},"loc":{"start":{"line":27,"column":34},"end":{"line":27,"column":67}},"line":27}},"branchMap":{},"s":{"0":4,"1":14,"2":86,"3":86,"4":86,"5":195,"6":1},"f":{"0":14,"1":86,"2":195,"3":1},"b":{},"_coverageSchema":"1a1c01bbd47fc00a2c39e90264f33305004495a9","hash":"73760200356bb272691bee0827a51f4231de9997"}
,"/Users/lauraoliveira/Documents/workspace/carango-bom-base/src/components/Header/index.jsx": {"path":"/Users/lauraoliveira/Documents/workspace/carango-bom-base/src/components/Header/index.jsx","statementMap":{"0":{"start":{"line":10,"column":20},"end":{"line":28,"column":5}},"1":{"start":{"line":10,"column":38},"end":{"line":28,"column":3}},"2":{"start":{"line":30,"column":54},"end":{"line":30,"column":65}},"3":{"start":{"line":32,"column":2},"end":{"line":54,"column":3}},"4":{"start":{"line":40,"column":12},"end":{"line":49,"column":21}}},"fnMap":{"0":{"name":"Header","decl":{"start":{"line":9,"column":9},"end":{"line":9,"column":15}},"loc":{"start":{"line":9,"column":18},"end":{"line":55,"column":1}},"line":9},"1":{"name":"(anonymous_1)","decl":{"start":{"line":10,"column":31},"end":{"line":10,"column":32}},"loc":{"start":{"line":10,"column":38},"end":{"line":28,"column":3}},"line":10},"2":{"name":"(anonymous_2)","decl":{"start":{"line":39,"column":27},"end":{"line":39,"column":28}},"loc":{"start":{"line":40,"column":12},"end":{"line":49,"column":21}},"line":40}},"branchMap":{},"s":{"0":1,"1":1,"2":1,"3":1,"4":3},"f":{"0":1,"1":1,"2":3},"b":{},"_coverageSchema":"1a1c01bbd47fc00a2c39e90264f33305004495a9","hash":"06ef3f6679bfbe61830a21f960b481f8f32a9bb1"}
,"/Users/lauraoliveira/Documents/workspace/carango-bom-base/src/components/Table/index.jsx": {"path":"/Users/lauraoliveira/Documents/workspace/carango-bom-base/src/components/Table/index.jsx","statementMap":{"0":{"start":{"line":14,"column":28},"end":{"line":14,"column":40}},"1":{"start":{"line":15,"column":41},"end":{"line":15,"column":82}},"2":{"start":{"line":16,"column":18},"end":{"line":16,"column":29}},"3":{"start":{"line":17,"column":18},"end":{"line":17,"column":30}},"4":{"start":{"line":19,"column":24},"end":{"line":32,"column":3}},"5":{"start":{"line":20,"column":4},"end":{"line":31,"column":5}},"6":{"start":{"line":21,"column":6},"end":{"line":21,"column":38}},"7":{"start":{"line":22,"column":6},"end":{"line":22,"column":35}},"8":{"start":{"line":23,"column":6},"end":{"line":27,"column":7}},"9":{"start":{"line":24,"column":8},"end":{"line":26,"column":10}},"10":{"start":{"line":25,"column":10},"end":{"line":25,"column":35}},"11":{"start":{"line":28,"column":6},"end":{"line":28,"column":40}},"12":{"start":{"line":30,"column":6},"end":{"line":30,"column":57}},"13":{"start":{"line":34,"column":22},"end":{"line":36,"column":3}},"14":{"start":{"line":35,"column":4},"end":{"line":35,"column":49}},"15":{"start":{"line":38,"column":22},"end":{"line":50,"column":15}},"16":{"start":{"line":39,"column":4},"end":{"line":49,"column":5}},"17":{"start":{"line":46,"column":10},"end":{"line":46,"column":105}},"18":{"start":{"line":52,"column":2},"end":{"line":66,"column":8}},"19":{"start":{"line":53,"column":26},"end":{"line":64,"column":5}},"20":{"start":{"line":55,"column":6},"end":{"line":63,"column":7}},"21":{"start":{"line":56,"column":8},"end":{"line":56,"column":40}},"22":{"start":{"line":57,"column":8},"end":{"line":57,"column":43}},"23":{"start":{"line":58,"column":36},"end":{"line":58,"column":56}},"24":{"start":{"line":59,"column":8},"end":{"line":59,"column":37}},"25":{"start":{"line":60,"column":8},"end":{"line":60,"column":42}},"26":{"start":{"line":62,"column":8},"end":{"line":62,"column":59}},"27":{"start":{"line":65,"column":4},"end":{"line":65,"column":19}},"28":{"start":{"line":68,"column":2},"end":{"line":93,"column":3}},"29":{"start":{"line":89,"column":83},"end":{"line":89,"column":112}},"30":{"start":{"line":96,"column":0},"end":{"line":102,"column":1}}},"fnMap":{"0":{"name":"Table","decl":{"start":{"line":13,"column":9},"end":{"line":13,"column":14}},"loc":{"start":{"line":13,"column":82},"end":{"line":94,"column":1}},"line":13},"1":{"name":"(anonymous_1)","decl":{"start":{"line":19,"column":24},"end":{"line":19,"column":25}},"loc":{"start":{"line":19,"column":39},"end":{"line":32,"column":3}},"line":19},"2":{"name":"(anonymous_2)","decl":{"start":{"line":23,"column":15},"end":{"line":23,"column":16}},"loc":{"start":{"line":24,"column":8},"end":{"line":26,"column":10}},"line":24},"3":{"name":"(anonymous_3)","decl":{"start":{"line":24,"column":25},"end":{"line":24,"column":26}},"loc":{"start":{"line":24,"column":35},"end":{"line":26,"column":9}},"line":24},"4":{"name":"(anonymous_4)","decl":{"start":{"line":34,"column":22},"end":{"line":34,"column":23}},"loc":{"start":{"line":34,"column":31},"end":{"line":36,"column":3}},"line":34},"5":{"name":"(anonymous_5)","decl":{"start":{"line":38,"column":30},"end":{"line":38,"column":31}},"loc":{"start":{"line":38,"column":36},"end":{"line":50,"column":3}},"line":38},"6":{"name":"(anonymous_6)","decl":{"start":{"line":45,"column":20},"end":{"line":45,"column":21}},"loc":{"start":{"line":46,"column":10},"end":{"line":46,"column":105}},"line":46},"7":{"name":"(anonymous_7)","decl":{"start":{"line":52,"column":12},"end":{"line":52,"column":13}},"loc":{"start":{"line":52,"column":18},"end":{"line":66,"column":3}},"line":52},"8":{"name":"(anonymous_8)","decl":{"start":{"line":53,"column":26},"end":{"line":53,"column":27}},"loc":{"start":{"line":53,"column":38},"end":{"line":64,"column":5}},"line":53},"9":{"name":"(anonymous_9)","decl":{"start":{"line":89,"column":77},"end":{"line":89,"column":78}},"loc":{"start":{"line":89,"column":83},"end":{"line":89,"column":112}},"line":89}},"branchMap":{"0":{"loc":{"start":{"line":70,"column":7},"end":{"line":74,"column":14}},"type":"cond-expr","locations":[{"start":{"line":71,"column":8},"end":{"line":73,"column":16}},{"start":{"line":74,"column":10},"end":{"line":74,"column":14}}],"line":70}},"s":{"0":51,"1":51,"2":51,"3":51,"4":51,"5":2,"6":2,"7":2,"8":2,"9":2,"10":2,"11":2,"12":0,"13":51,"14":0,"15":51,"16":14,"17":7,"18":51,"19":13,"20":13,"21":13,"22":13,"23":7,"24":7,"25":7,"26":4,"27":13,"28":51,"29":2,"30":3},"f":{"0":51,"1":2,"2":2,"3":2,"4":0,"5":14,"6":7,"7":13,"8":13,"9":2},"b":{"0":[4,47]},"_coverageSchema":"1a1c01bbd47fc00a2c39e90264f33305004495a9","hash":"f86f0dfa6322e2d24e3b93e5e1c9c7d08389c4b3"}
,"/Users/lauraoliveira/Documents/workspace/carango-bom-base/src/components/Table/useStyles.js": {"path":"/Users/lauraoliveira/Documents/workspace/carango-bom-base/src/components/Table/useStyles.js","statementMap":{"0":{"start":{"line":3,"column":18},"end":{"line":75,"column":3}},"1":{"start":{"line":3,"column":41},"end":{"line":75,"column":1}}},"fnMap":{"0":{"name":"(anonymous_0)","decl":{"start":{"line":3,"column":29},"end":{"line":3,"column":30}},"loc":{"start":{"line":3,"column":41},"end":{"line":75,"column":1}},"line":3}},"branchMap":{},"s":{"0":3,"1":12},"f":{"0":12},"b":{},"_coverageSchema":"1a1c01bbd47fc00a2c39e90264f33305004495a9","hash":"793a08ce7dfc6fcc34a5daa02e6c2dbb7667280b"}
,"/Users/lauraoliveira/Documents/workspace/carango-bom-base/src/components/TableActionButtons/index.jsx": {"path":"/Users/lauraoliveira/Documents/workspace/carango-bom-base/src/components/TableActionButtons/index.jsx","statementMap":{"0":{"start":{"line":7,"column":18},"end":{"line":12,"column":3}},"1":{"start":{"line":7,"column":36},"end":{"line":12,"column":1}},"2":{"start":{"line":14,"column":18},"end":{"line":14,"column":29}},"3":{"start":{"line":16,"column":2},"end":{"line":39,"column":3}},"4":{"start":{"line":22,"column":25},"end":{"line":22,"column":43}},"5":{"start":{"line":33,"column":25},"end":{"line":33,"column":41}},"6":{"start":{"line":42,"column":0},"end":{"line":46,"column":1}}},"fnMap":{"0":{"name":"(anonymous_0)","decl":{"start":{"line":7,"column":29},"end":{"line":7,"column":30}},"loc":{"start":{"line":7,"column":36},"end":{"line":12,"column":1}},"line":7},"1":{"name":"TableActionButtons","decl":{"start":{"line":13,"column":9},"end":{"line":13,"column":27}},"loc":{"start":{"line":13,"column":65},"end":{"line":40,"column":1}},"line":13},"2":{"name":"(anonymous_2)","decl":{"start":{"line":22,"column":19},"end":{"line":22,"column":20}},"loc":{"start":{"line":22,"column":25},"end":{"line":22,"column":43}},"line":22},"3":{"name":"(anonymous_3)","decl":{"start":{"line":33,"column":19},"end":{"line":33,"column":20}},"loc":{"start":{"line":33,"column":25},"end":{"line":33,"column":41}},"line":33}},"branchMap":{},"s":{"0":4,"1":8,"2":8,"3":8,"4":3,"5":1,"6":4},"f":{"0":8,"1":8,"2":3,"3":1},"b":{},"_coverageSchema":"1a1c01bbd47fc00a2c39e90264f33305004495a9","hash":"d41dc6c0ebad49788797d6e7a9798ec2b8cb667e"}
,"/Users/lauraoliveira/Documents/workspace/carango-bom-base/src/hooks/useErros.js": {"path":"/Users/lauraoliveira/Documents/workspace/carango-bom-base/src/hooks/useErros.js","statementMap":{"0":{"start":{"line":4,"column":24},"end":{"line":4,"column":54}},"1":{"start":{"line":6,"column":28},"end":{"line":6,"column":51}},"2":{"start":{"line":9,"column":28},"end":{"line":9,"column":40}},"3":{"start":{"line":10,"column":23},"end":{"line":10,"column":35}},"4":{"start":{"line":11,"column":4},"end":{"line":11,"column":46}},"5":{"start":{"line":12,"column":4},"end":{"line":12,"column":24}},"6":{"start":{"line":16,"column":4},"end":{"line":20,"column":5}},"7":{"start":{"line":17,"column":6},"end":{"line":19,"column":7}},"8":{"start":{"line":18,"column":8},"end":{"line":18,"column":20}},"9":{"start":{"line":22,"column":4},"end":{"line":22,"column":15}},"10":{"start":{"line":25,"column":2},"end":{"line":25,"column":44}},"11":{"start":{"line":29,"column":24},"end":{"line":29,"column":26}},"12":{"start":{"line":30,"column":2},"end":{"line":32,"column":3}},"13":{"start":{"line":31,"column":4},"end":{"line":31,"column":54}},"14":{"start":{"line":34,"column":2},"end":{"line":34,"column":22}}},"fnMap":{"0":{"name":"useErros","decl":{"start":{"line":3,"column":9},"end":{"line":3,"column":17}},"loc":{"start":{"line":3,"column":31},"end":{"line":26,"column":1}},"line":3},"1":{"name":"validarCampos","decl":{"start":{"line":8,"column":11},"end":{"line":8,"column":24}},"loc":{"start":{"line":8,"column":33},"end":{"line":13,"column":3}},"line":8},"2":{"name":"possoEnviar","decl":{"start":{"line":15,"column":11},"end":{"line":15,"column":22}},"loc":{"start":{"line":15,"column":26},"end":{"line":23,"column":3}},"line":15},"3":{"name":"criarEstadoInicial","decl":{"start":{"line":28,"column":9},"end":{"line":28,"column":27}},"loc":{"start":{"line":28,"column":41},"end":{"line":35,"column":1}},"line":28}},"branchMap":{"0":{"loc":{"start":{"line":17,"column":6},"end":{"line":19,"column":7}},"type":"if","locations":[{"start":{"line":17,"column":6},"end":{"line":19,"column":7}},{"start":{"line":17,"column":6},"end":{"line":19,"column":7}}],"line":17}},"s":{"0":29,"1":29,"2":0,"3":0,"4":0,"5":0,"6":31,"7":79,"8":0,"9":31,"10":29,"11":29,"12":29,"13":74,"14":29},"f":{"0":29,"1":0,"2":31,"3":29},"b":{"0":[0,79]},"_coverageSchema":"1a1c01bbd47fc00a2c39e90264f33305004495a9","hash":"43fd7c7102dd5d60160547a71a3947a4770d731e"}
,"/Users/lauraoliveira/Documents/workspace/carango-bom-base/src/pages/CadastroMarca/CadastroMarca.jsx": {"path":"/Users/lauraoliveira/Documents/workspace/carango-bom-base/src/pages/CadastroMarca/CadastroMarca.jsx","statementMap":{"0":{"start":{"line":8,"column":18},"end":{"line":17,"column":3}},"1":{"start":{"line":8,"column":41},"end":{"line":17,"column":1}},"2":{"start":{"line":20,"column":41},"end":{"line":20,"column":82}},"3":{"start":{"line":21,"column":28},"end":{"line":21,"column":40}},"4":{"start":{"line":23,"column":18},"end":{"line":23,"column":29}},"5":{"start":{"line":24,"column":18},"end":{"line":24,"column":30}},"6":{"start":{"line":25,"column":17},"end":{"line":25,"column":28}},"7":{"start":{"line":27,"column":21},"end":{"line":35,"column":3}},"8":{"start":{"line":29,"column":6},"end":{"line":33,"column":7}},"9":{"start":{"line":30,"column":8},"end":{"line":30,"column":31}},"10":{"start":{"line":32,"column":8},"end":{"line":32,"column":76}},"11":{"start":{"line":37,"column":46},"end":{"line":37,"column":66}},"12":{"start":{"line":40,"column":4},"end":{"line":40,"column":20}},"13":{"start":{"line":43,"column":2},"end":{"line":47,"column":10}},"14":{"start":{"line":44,"column":4},"end":{"line":46,"column":5}},"15":{"start":{"line":45,"column":6},"end":{"line":45,"column":62}},"16":{"start":{"line":45,"column":45},"end":{"line":45,"column":61}},"17":{"start":{"line":50,"column":4},"end":{"line":58,"column":5}},"18":{"start":{"line":51,"column":6},"end":{"line":51,"column":38}},"19":{"start":{"line":52,"column":6},"end":{"line":52,"column":51}},"20":{"start":{"line":53,"column":6},"end":{"line":53,"column":18}},"21":{"start":{"line":54,"column":6},"end":{"line":54,"column":22}},"22":{"start":{"line":55,"column":6},"end":{"line":55,"column":40}},"23":{"start":{"line":57,"column":6},"end":{"line":57,"column":57}},"24":{"start":{"line":61,"column":2},"end":{"line":107,"column":3}},"25":{"start":{"line":70,"column":10},"end":{"line":70,"column":32}},"26":{"start":{"line":71,"column":10},"end":{"line":79,"column":11}},"27":{"start":{"line":72,"column":12},"end":{"line":78,"column":13}},"28":{"start":{"line":73,"column":14},"end":{"line":75,"column":16}},"29":{"start":{"line":74,"column":16},"end":{"line":74,"column":32}},"30":{"start":{"line":77,"column":14},"end":{"line":77,"column":25}},"31":{"start":{"line":84,"column":29},"end":{"line":84,"column":55}}},"fnMap":{"0":{"name":"(anonymous_0)","decl":{"start":{"line":8,"column":29},"end":{"line":8,"column":30}},"loc":{"start":{"line":8,"column":41},"end":{"line":17,"column":1}},"line":8},"1":{"name":"CadastroMarca","decl":{"start":{"line":19,"column":9},"end":{"line":19,"column":22}},"loc":{"start":{"line":19,"column":25},"end":{"line":108,"column":1}},"line":19},"2":{"name":"(anonymous_2)","decl":{"start":{"line":28,"column":11},"end":{"line":28,"column":12}},"loc":{"start":{"line":28,"column":21},"end":{"line":34,"column":5}},"line":28},"3":{"name":"cancelar","decl":{"start":{"line":39,"column":11},"end":{"line":39,"column":19}},"loc":{"start":{"line":39,"column":22},"end":{"line":41,"column":3}},"line":39},"4":{"name":"(anonymous_4)","decl":{"start":{"line":43,"column":12},"end":{"line":43,"column":13}},"loc":{"start":{"line":43,"column":18},"end":{"line":47,"column":3}},"line":43},"5":{"name":"(anonymous_5)","decl":{"start":{"line":45,"column":38},"end":{"line":45,"column":39}},"loc":{"start":{"line":45,"column":45},"end":{"line":45,"column":61}},"line":45},"6":{"name":"cadastrar","decl":{"start":{"line":49,"column":17},"end":{"line":49,"column":26}},"loc":{"start":{"line":49,"column":29},"end":{"line":59,"column":3}},"line":49},"7":{"name":"(anonymous_7)","decl":{"start":{"line":69,"column":18},"end":{"line":69,"column":19}},"loc":{"start":{"line":69,"column":29},"end":{"line":80,"column":9}},"line":69},"8":{"name":"(anonymous_8)","decl":{"start":{"line":73,"column":61},"end":{"line":73,"column":62}},"loc":{"start":{"line":73,"column":67},"end":{"line":75,"column":15}},"line":73},"9":{"name":"(anonymous_9)","decl":{"start":{"line":84,"column":20},"end":{"line":84,"column":21}},"loc":{"start":{"line":84,"column":29},"end":{"line":84,"column":55}},"line":84}},"branchMap":{"0":{"loc":{"start":{"line":29,"column":6},"end":{"line":33,"column":7}},"type":"if","locations":[{"start":{"line":29,"column":6},"end":{"line":33,"column":7}},{"start":{"line":29,"column":6},"end":{"line":33,"column":7}}],"line":29},"1":{"loc":{"start":{"line":29,"column":10},"end":{"line":29,"column":34}},"type":"binary-expr","locations":[{"start":{"line":29,"column":10},"end":{"line":29,"column":14}},{"start":{"line":29,"column":18},"end":{"line":29,"column":34}}],"line":29},"2":{"loc":{"start":{"line":44,"column":4},"end":{"line":46,"column":5}},"type":"if","locations":[{"start":{"line":44,"column":4},"end":{"line":46,"column":5}},{"start":{"line":44,"column":4},"end":{"line":46,"column":5}}],"line":44},"3":{"loc":{"start":{"line":63,"column":7},"end":{"line":67,"column":14}},"type":"cond-expr","locations":[{"start":{"line":64,"column":8},"end":{"line":66,"column":16}},{"start":{"line":67,"column":10},"end":{"line":67,"column":14}}],"line":63},"4":{"loc":{"start":{"line":71,"column":10},"end":{"line":79,"column":11}},"type":"if","locations":[{"start":{"line":71,"column":10},"end":{"line":79,"column":11}},{"start":{"line":71,"column":10},"end":{"line":79,"column":11}}],"line":71},"5":{"loc":{"start":{"line":72,"column":12},"end":{"line":78,"column":13}},"type":"if","locations":[{"start":{"line":72,"column":12},"end":{"line":78,"column":13}},{"start":{"line":72,"column":12},"end":{"line":78,"column":13}}],"line":72},"6":{"loc":{"start":{"line":99,"column":11},"end":{"line":99,"column":39}},"type":"cond-expr","locations":[{"start":{"line":99,"column":16},"end":{"line":99,"column":25}},{"start":{"line":99,"column":28},"end":{"line":99,"column":39}}],"line":99}},"s":{"0":2,"1":6,"2":14,"3":14,"4":14,"5":14,"6":14,"7":14,"8":0,"9":0,"10":0,"11":14,"12":1,"13":14,"14":6,"15":3,"16":3,"17":1,"18":1,"19":1,"20":1,"21":1,"22":1,"23":0,"24":14,"25":1,"26":1,"27":1,"28":0,"29":0,"30":1,"31":1},"f":{"0":6,"1":14,"2":0,"3":1,"4":6,"5":3,"6":1,"7":1,"8":0,"9":1},"b":{"0":[0,0],"1":[0,0],"2":[3,3],"3":[0,14],"4":[1,0],"5":[0,1],"6":[7,7]},"_coverageSchema":"1a1c01bbd47fc00a2c39e90264f33305004495a9","hash":"4d38c2c82d26b6f89a3a0a4094763ca1db24366b"}
,"/Users/lauraoliveira/Documents/workspace/carango-bom-base/src/pages/CadastroVeiculo/CadastroVeiculo.jsx": {"path":"/Users/lauraoliveira/Documents/workspace/carango-bom-base/src/pages/CadastroVeiculo/CadastroVeiculo.jsx","statementMap":{"0":{"start":{"line":9,"column":18},"end":{"line":18,"column":3}},"1":{"start":{"line":9,"column":41},"end":{"line":18,"column":1}},"2":{"start":{"line":21,"column":41},"end":{"line":21,"column":82}},"3":{"start":{"line":22,"column":32},"end":{"line":27,"column":4}},"4":{"start":{"line":28,"column":30},"end":{"line":28,"column":42}},"5":{"start":{"line":30,"column":18},"end":{"line":30,"column":29}},"6":{"start":{"line":31,"column":18},"end":{"line":31,"column":30}},"7":{"start":{"line":32,"column":17},"end":{"line":32,"column":28}},"8":{"start":{"line":34,"column":21},"end":{"line":66,"column":3}},"9":{"start":{"line":36,"column":6},"end":{"line":40,"column":7}},"10":{"start":{"line":37,"column":8},"end":{"line":37,"column":31}},"11":{"start":{"line":39,"column":8},"end":{"line":39,"column":63}},"12":{"start":{"line":43,"column":6},"end":{"line":50,"column":7}},"13":{"start":{"line":44,"column":8},"end":{"line":47,"column":9}},"14":{"start":{"line":49,"column":8},"end":{"line":49,"column":31}},"15":{"start":{"line":53,"column":6},"end":{"line":57,"column":7}},"16":{"start":{"line":54,"column":8},"end":{"line":54,"column":78}},"17":{"start":{"line":56,"column":8},"end":{"line":56,"column":31}},"18":{"start":{"line":60,"column":6},"end":{"line":64,"column":7}},"19":{"start":{"line":61,"column":8},"end":{"line":61,"column":31}},"20":{"start":{"line":63,"column":8},"end":{"line":63,"column":63}},"21":{"start":{"line":68,"column":46},"end":{"line":68,"column":66}},"22":{"start":{"line":70,"column":2},"end":{"line":73,"column":8}},"23":{"start":{"line":71,"column":24},"end":{"line":71,"column":51}},"24":{"start":{"line":72,"column":4},"end":{"line":72,"column":26}},"25":{"start":{"line":75,"column":2},"end":{"line":86,"column":10}},"26":{"start":{"line":76,"column":4},"end":{"line":85,"column":5}},"27":{"start":{"line":77,"column":33},"end":{"line":77,"column":67}},"28":{"start":{"line":79,"column":6},"end":{"line":84,"column":8}},"29":{"start":{"line":89,"column":4},"end":{"line":89,"column":20}},"30":{"start":{"line":93,"column":4},"end":{"line":106,"column":5}},"31":{"start":{"line":94,"column":6},"end":{"line":94,"column":38}},"32":{"start":{"line":95,"column":6},"end":{"line":95,"column":52}},"33":{"start":{"line":96,"column":6},"end":{"line":101,"column":8}},"34":{"start":{"line":102,"column":6},"end":{"line":102,"column":22}},"35":{"start":{"line":103,"column":6},"end":{"line":103,"column":40}},"36":{"start":{"line":105,"column":6},"end":{"line":105,"column":57}},"37":{"start":{"line":109,"column":2},"end":{"line":231,"column":3}},"38":{"start":{"line":118,"column":10},"end":{"line":118,"column":32}},"39":{"start":{"line":120,"column":10},"end":{"line":128,"column":11}},"40":{"start":{"line":121,"column":12},"end":{"line":127,"column":13}},"41":{"start":{"line":122,"column":14},"end":{"line":124,"column":16}},"42":{"start":{"line":123,"column":16},"end":{"line":123,"column":32}},"43":{"start":{"line":126,"column":14},"end":{"line":126,"column":25}},"44":{"start":{"line":134,"column":12},"end":{"line":137,"column":15}},"45":{"start":{"line":134,"column":39},"end":{"line":137,"column":13}},"46":{"start":{"line":152,"column":14},"end":{"line":154,"column":25}},"47":{"start":{"line":162,"column":12},"end":{"line":165,"column":15}},"48":{"start":{"line":162,"column":39},"end":{"line":165,"column":13}},"49":{"start":{"line":183,"column":12},"end":{"line":186,"column":15}},"50":{"start":{"line":183,"column":39},"end":{"line":186,"column":13}},"51":{"start":{"line":204,"column":12},"end":{"line":207,"column":15}},"52":{"start":{"line":204,"column":39},"end":{"line":207,"column":13}}},"fnMap":{"0":{"name":"(anonymous_0)","decl":{"start":{"line":9,"column":29},"end":{"line":9,"column":30}},"loc":{"start":{"line":9,"column":41},"end":{"line":18,"column":1}},"line":9},"1":{"name":"CadastroVeiculo","decl":{"start":{"line":20,"column":9},"end":{"line":20,"column":24}},"loc":{"start":{"line":20,"column":27},"end":{"line":232,"column":1}},"line":20},"2":{"name":"(anonymous_2)","decl":{"start":{"line":35,"column":11},"end":{"line":35,"column":12}},"loc":{"start":{"line":35,"column":21},"end":{"line":41,"column":5}},"line":35},"3":{"name":"(anonymous_3)","decl":{"start":{"line":42,"column":12},"end":{"line":42,"column":13}},"loc":{"start":{"line":42,"column":22},"end":{"line":51,"column":5}},"line":42},"4":{"name":"(anonymous_4)","decl":{"start":{"line":52,"column":9},"end":{"line":52,"column":10}},"loc":{"start":{"line":52,"column":19},"end":{"line":58,"column":5}},"line":52},"5":{"name":"(anonymous_5)","decl":{"start":{"line":59,"column":11},"end":{"line":59,"column":12}},"loc":{"start":{"line":59,"column":21},"end":{"line":65,"column":5}},"line":59},"6":{"name":"(anonymous_6)","decl":{"start":{"line":70,"column":12},"end":{"line":70,"column":13}},"loc":{"start":{"line":70,"column":24},"end":{"line":73,"column":3}},"line":70},"7":{"name":"(anonymous_7)","decl":{"start":{"line":75,"column":12},"end":{"line":75,"column":13}},"loc":{"start":{"line":75,"column":24},"end":{"line":86,"column":3}},"line":75},"8":{"name":"cancelar","decl":{"start":{"line":88,"column":11},"end":{"line":88,"column":19}},"loc":{"start":{"line":88,"column":22},"end":{"line":90,"column":3}},"line":88},"9":{"name":"cadastrar","decl":{"start":{"line":92,"column":17},"end":{"line":92,"column":26}},"loc":{"start":{"line":92,"column":29},"end":{"line":107,"column":3}},"line":92},"10":{"name":"(anonymous_10)","decl":{"start":{"line":117,"column":18},"end":{"line":117,"column":19}},"loc":{"start":{"line":117,"column":29},"end":{"line":129,"column":9}},"line":117},"11":{"name":"(anonymous_11)","decl":{"start":{"line":122,"column":62},"end":{"line":122,"column":63}},"loc":{"start":{"line":122,"column":68},"end":{"line":124,"column":15}},"line":122},"12":{"name":"(anonymous_12)","decl":{"start":{"line":133,"column":20},"end":{"line":133,"column":21}},"loc":{"start":{"line":134,"column":12},"end":{"line":137,"column":15}},"line":134},"13":{"name":"(anonymous_13)","decl":{"start":{"line":134,"column":23},"end":{"line":134,"column":24}},"loc":{"start":{"line":134,"column":39},"end":{"line":137,"column":13}},"line":134},"14":{"name":"(anonymous_14)","decl":{"start":{"line":151,"column":23},"end":{"line":151,"column":24}},"loc":{"start":{"line":152,"column":14},"end":{"line":154,"column":25}},"line":152},"15":{"name":"(anonymous_15)","decl":{"start":{"line":161,"column":20},"end":{"line":161,"column":21}},"loc":{"start":{"line":162,"column":12},"end":{"line":165,"column":15}},"line":162},"16":{"name":"(anonymous_16)","decl":{"start":{"line":162,"column":23},"end":{"line":162,"column":24}},"loc":{"start":{"line":162,"column":39},"end":{"line":165,"column":13}},"line":162},"17":{"name":"(anonymous_17)","decl":{"start":{"line":182,"column":20},"end":{"line":182,"column":21}},"loc":{"start":{"line":183,"column":12},"end":{"line":186,"column":15}},"line":183},"18":{"name":"(anonymous_18)","decl":{"start":{"line":183,"column":23},"end":{"line":183,"column":24}},"loc":{"start":{"line":183,"column":39},"end":{"line":186,"column":13}},"line":183},"19":{"name":"(anonymous_19)","decl":{"start":{"line":203,"column":20},"end":{"line":203,"column":21}},"loc":{"start":{"line":204,"column":12},"end":{"line":207,"column":15}},"line":204},"20":{"name":"(anonymous_20)","decl":{"start":{"line":204,"column":23},"end":{"line":204,"column":24}},"loc":{"start":{"line":204,"column":39},"end":{"line":207,"column":13}},"line":204}},"branchMap":{"0":{"loc":{"start":{"line":36,"column":6},"end":{"line":40,"column":7}},"type":"if","locations":[{"start":{"line":36,"column":6},"end":{"line":40,"column":7}},{"start":{"line":36,"column":6},"end":{"line":40,"column":7}}],"line":36},"1":{"loc":{"start":{"line":43,"column":6},"end":{"line":50,"column":7}},"type":"if","locations":[{"start":{"line":43,"column":6},"end":{"line":50,"column":7}},{"start":{"line":43,"column":6},"end":{"line":50,"column":7}}],"line":43},"2":{"loc":{"start":{"line":43,"column":10},"end":{"line":43,"column":34}},"type":"binary-expr","locations":[{"start":{"line":43,"column":10},"end":{"line":43,"column":15}},{"start":{"line":43,"column":19},"end":{"line":43,"column":34}}],"line":43},"3":{"loc":{"start":{"line":53,"column":6},"end":{"line":57,"column":7}},"type":"if","locations":[{"start":{"line":53,"column":6},"end":{"line":57,"column":7}},{"start":{"line":53,"column":6},"end":{"line":57,"column":7}}],"line":53},"4":{"loc":{"start":{"line":53,"column":10},"end":{"line":53,"column":34}},"type":"binary-expr","locations":[{"start":{"line":53,"column":10},"end":{"line":53,"column":15}},{"start":{"line":53,"column":19},"end":{"line":53,"column":34}}],"line":53},"5":{"loc":{"start":{"line":60,"column":6},"end":{"line":64,"column":7}},"type":"if","locations":[{"start":{"line":60,"column":6},"end":{"line":64,"column":7}},{"start":{"line":60,"column":6},"end":{"line":64,"column":7}}],"line":60},"6":{"loc":{"start":{"line":76,"column":4},"end":{"line":85,"column":5}},"type":"if","locations":[{"start":{"line":76,"column":4},"end":{"line":85,"column":5}},{"start":{"line":76,"column":4},"end":{"line":85,"column":5}}],"line":76},"7":{"loc":{"start":{"line":111,"column":7},"end":{"line":115,"column":14}},"type":"cond-expr","locations":[{"start":{"line":112,"column":8},"end":{"line":114,"column":16}},{"start":{"line":115,"column":10},"end":{"line":115,"column":14}}],"line":111},"8":{"loc":{"start":{"line":120,"column":10},"end":{"line":128,"column":11}},"type":"if","locations":[{"start":{"line":120,"column":10},"end":{"line":128,"column":11}},{"start":{"line":120,"column":10},"end":{"line":128,"column":11}}],"line":120},"9":{"loc":{"start":{"line":121,"column":12},"end":{"line":127,"column":13}},"type":"if","locations":[{"start":{"line":121,"column":12},"end":{"line":127,"column":13}},{"start":{"line":121,"column":12},"end":{"line":127,"column":13}}],"line":121},"10":{"loc":{"start":{"line":150,"column":11},"end":{"line":155,"column":14}},"type":"binary-expr","locations":[{"start":{"line":150,"column":11},"end":{"line":150,"column":17}},{"start":{"line":151,"column":12},"end":{"line":155,"column":14}}],"line":150},"11":{"loc":{"start":{"line":223,"column":11},"end":{"line":223,"column":39}},"type":"cond-expr","locations":[{"start":{"line":223,"column":16},"end":{"line":223,"column":25}},{"start":{"line":223,"column":28},"end":{"line":223,"column":39}}],"line":223}},"s":{"0":2,"1":6,"2":15,"3":15,"4":15,"5":15,"6":15,"7":15,"8":15,"9":0,"10":0,"11":0,"12":0,"13":0,"14":0,"15":0,"16":0,"17":0,"18":0,"19":0,"20":0,"21":15,"22":15,"23":6,"24":0,"25":15,"26":6,"27":3,"28":3,"29":1,"30":1,"31":1,"32":1,"33":1,"34":1,"35":1,"36":0,"37":15,"38":1,"39":1,"40":1,"41":0,"42":0,"43":1,"44":0,"45":0,"46":0,"47":1,"48":1,"49":1,"50":1,"51":0,"52":0},"f":{"0":6,"1":15,"2":0,"3":0,"4":0,"5":0,"6":6,"7":6,"8":1,"9":1,"10":1,"11":0,"12":0,"13":0,"14":0,"15":1,"16":1,"17":1,"18":1,"19":0,"20":0},"b":{"0":[0,0],"1":[0,0],"2":[0,0],"3":[0,0],"4":[0,0],"5":[0,0],"6":[3,3],"7":[0,15],"8":[1,0],"9":[0,1],"10":[15,15],"11":[8,7]},"_coverageSchema":"1a1c01bbd47fc00a2c39e90264f33305004495a9","hash":"1f0c7a2650f4f26729501e612a703abe6cd93101"}
,"/Users/lauraoliveira/Documents/workspace/carango-bom-base/src/pages/ListagemMarcas/ListagemMarcas.jsx": {"path":"/Users/lauraoliveira/Documents/workspace/carango-bom-base/src/pages/ListagemMarcas/ListagemMarcas.jsx","statementMap":{"0":{"start":{"line":6,"column":18},"end":{"line":6,"column":67}},"1":{"start":{"line":8,"column":25},"end":{"line":13,"column":3}},"2":{"start":{"line":9,"column":4},"end":{"line":12,"column":7}},"3":{"start":{"line":9,"column":39},"end":{"line":12,"column":5}},"4":{"start":{"line":15,"column":2},"end":{"line":23,"column":3}}},"fnMap":{"0":{"name":"ListagemMarcas","decl":{"start":{"line":5,"column":9},"end":{"line":5,"column":23}},"loc":{"start":{"line":5,"column":26},"end":{"line":24,"column":1}},"line":5},"1":{"name":"(anonymous_1)","decl":{"start":{"line":8,"column":25},"end":{"line":8,"column":26}},"loc":{"start":{"line":8,"column":42},"end":{"line":13,"column":3}},"line":8},"2":{"name":"(anonymous_2)","decl":{"start":{"line":9,"column":27},"end":{"line":9,"column":28}},"loc":{"start":{"line":9,"column":39},"end":{"line":12,"column":5}},"line":9}},"branchMap":{},"s":{"0":7,"1":7,"2":3,"3":3,"4":7},"f":{"0":7,"1":3,"2":3},"b":{},"_coverageSchema":"1a1c01bbd47fc00a2c39e90264f33305004495a9","hash":"e4db591f35a9f3a96d5cfa50e051066efa5d0959"}
,"/Users/lauraoliveira/Documents/workspace/carango-bom-base/src/pages/ListagemVeiculos/ListagemVeiculos.jsx": {"path":"/Users/lauraoliveira/Documents/workspace/carango-bom-base/src/pages/ListagemVeiculos/ListagemVeiculos.jsx","statementMap":{"0":{"start":{"line":8,"column":18},"end":{"line":13,"column":3}},"1":{"start":{"line":15,"column":27},"end":{"line":23,"column":3}},"2":{"start":{"line":16,"column":4},"end":{"line":22,"column":7}},"3":{"start":{"line":16,"column":43},"end":{"line":22,"column":5}},"4":{"start":{"line":25,"column":2},"end":{"line":33,"column":3}}},"fnMap":{"0":{"name":"ListagemVeiculos","decl":{"start":{"line":7,"column":9},"end":{"line":7,"column":25}},"loc":{"start":{"line":7,"column":28},"end":{"line":34,"column":1}},"line":7},"1":{"name":"(anonymous_1)","decl":{"start":{"line":15,"column":27},"end":{"line":15,"column":28}},"loc":{"start":{"line":15,"column":46},"end":{"line":23,"column":3}},"line":15},"2":{"name":"(anonymous_2)","decl":{"start":{"line":16,"column":29},"end":{"line":16,"column":30}},"loc":{"start":{"line":16,"column":43},"end":{"line":22,"column":5}},"line":16}},"branchMap":{},"s":{"0":7,"1":7,"2":4,"3":4,"4":7},"f":{"0":7,"1":4,"2":4},"b":{},"_coverageSchema":"1a1c01bbd47fc00a2c39e90264f33305004495a9","hash":"71b725d6f4a12a378aa3286a02868fee27eb4536"}
,"/Users/lauraoliveira/Documents/workspace/carango-bom-base/src/routes/index.jsx": {"path":"/Users/lauraoliveira/Documents/workspace/carango-bom-base/src/routes/index.jsx","statementMap":{"0":{"start":{"line":12,"column":2},"end":{"line":24,"column":3}}},"fnMap":{"0":{"name":"Routes","decl":{"start":{"line":11,"column":9},"end":{"line":11,"column":15}},"loc":{"start":{"line":11,"column":18},"end":{"line":25,"column":1}},"line":11}},"branchMap":{},"s":{"0":1},"f":{"0":1},"b":{},"_coverageSchema":"1a1c01bbd47fc00a2c39e90264f33305004495a9","hash":"85811e004834a15027c329f514842d6a1127dde8"}
,"/Users/lauraoliveira/Documents/workspace/carango-bom-base/src/services/MarcaService.js": {"path":"/Users/lauraoliveira/Documents/workspace/carango-bom-base/src/services/MarcaService.js","statementMap":{"0":{"start":{"line":3,"column":18},"end":{"line":3,"column":27}},"1":{"start":{"line":5,"column":21},"end":{"line":25,"column":1}},"2":{"start":{"line":7,"column":4},"end":{"line":7,"column":62}},"3":{"start":{"line":11,"column":4},"end":{"line":11,"column":78}},"4":{"start":{"line":15,"column":4},"end":{"line":15,"column":40}},"5":{"start":{"line":19,"column":4},"end":{"line":19,"column":29}},"6":{"start":{"line":23,"column":4},"end":{"line":23,"column":62}}},"fnMap":{"0":{"name":"(anonymous_0)","decl":{"start":{"line":6,"column":2},"end":{"line":6,"column":3}},"loc":{"start":{"line":6,"column":25},"end":{"line":8,"column":3}},"line":6},"1":{"name":"(anonymous_1)","decl":{"start":{"line":10,"column":2},"end":{"line":10,"column":3}},"loc":{"start":{"line":10,"column":23},"end":{"line":12,"column":3}},"line":10},"2":{"name":"(anonymous_2)","decl":{"start":{"line":14,"column":2},"end":{"line":14,"column":3}},"loc":{"start":{"line":14,"column":22},"end":{"line":16,"column":3}},"line":14},"3":{"name":"(anonymous_3)","decl":{"start":{"line":18,"column":2},"end":{"line":18,"column":3}},"loc":{"start":{"line":18,"column":17},"end":{"line":20,"column":3}},"line":18},"4":{"name":"(anonymous_4)","decl":{"start":{"line":22,"column":2},"end":{"line":22,"column":3}},"loc":{"start":{"line":22,"column":20},"end":{"line":24,"column":3}},"line":22}},"branchMap":{},"s":{"0":4,"1":4,"2":0,"3":0,"4":0,"5":7,"6":0},"f":{"0":0,"1":0,"2":0,"3":7,"4":0},"b":{},"_coverageSchema":"1a1c01bbd47fc00a2c39e90264f33305004495a9","hash":"2fecd7086232ee52f1d740d7afa2af0573c319df"}
,"/Users/lauraoliveira/Documents/workspace/carango-bom-base/src/services/VeiculoService.js": {"path":"/Users/lauraoliveira/Documents/workspace/carango-bom-base/src/services/VeiculoService.js","statementMap":{"0":{"start":{"line":3,"column":20},"end":{"line":3,"column":31}},"1":{"start":{"line":5,"column":23},"end":{"line":25,"column":1}},"2":{"start":{"line":7,"column":4},"end":{"line":7,"column":66}},"3":{"start":{"line":11,"column":4},"end":{"line":11,"column":84}},"4":{"start":{"line":15,"column":4},"end":{"line":15,"column":42}},"5":{"start":{"line":19,"column":4},"end":{"line":19,"column":31}},"6":{"start":{"line":23,"column":4},"end":{"line":23,"column":64}}},"fnMap":{"0":{"name":"(anonymous_0)","decl":{"start":{"line":6,"column":2},"end":{"line":6,"column":3}},"loc":{"start":{"line":6,"column":27},"end":{"line":8,"column":3}},"line":6},"1":{"name":"(anonymous_1)","decl":{"start":{"line":10,"column":2},"end":{"line":10,"column":3}},"loc":{"start":{"line":10,"column":25},"end":{"line":12,"column":3}},"line":10},"2":{"name":"(anonymous_2)","decl":{"start":{"line":14,"column":2},"end":{"line":14,"column":3}},"loc":{"start":{"line":14,"column":22},"end":{"line":16,"column":3}},"line":14},"3":{"name":"(anonymous_3)","decl":{"start":{"line":18,"column":2},"end":{"line":18,"column":3}},"loc":{"start":{"line":18,"column":17},"end":{"line":20,"column":3}},"line":18},"4":{"name":"(anonymous_4)","decl":{"start":{"line":22,"column":2},"end":{"line":22,"column":3}},"loc":{"start":{"line":22,"column":20},"end":{"line":24,"column":3}},"line":22}},"branchMap":{},"s":{"0":3,"1":3,"2":0,"3":0,"4":0,"5":1,"6":0},"f":{"0":0,"1":0,"2":0,"3":1,"4":0},"b":{},"_coverageSchema":"1a1c01bbd47fc00a2c39e90264f33305004495a9","hash":"ad5e1df3ece2d0250a543e7a6b3bbafccae259b6"}
,"/Users/lauraoliveira/Documents/workspace/carango-bom-base/src/utils/index.js": {"path":"/Users/lauraoliveira/Documents/workspace/carango-bom-base/src/utils/index.js","statementMap":{"0":{"start":{"line":1,"column":26},"end":{"line":4,"column":2}},"1":{"start":{"line":6,"column":30},"end":{"line":6,"column":72}},"2":{"start":{"line":6,"column":41},"end":{"line":6,"column":72}}},"fnMap":{"0":{"name":"(anonymous_0)","decl":{"start":{"line":6,"column":30},"end":{"line":6,"column":31}},"loc":{"start":{"line":6,"column":41},"end":{"line":6,"column":72}},"line":6}},"branchMap":{},"s":{"0":2,"1":2,"2":4},"f":{"0":4},"b":{},"_coverageSchema":"1a1c01bbd47fc00a2c39e90264f33305004495a9","hash":"fe63f1e6cd41e928026f01ba98832dde6d0a8182"}
}
