{"/Users/lauraoliveira/Documents/workspace/carango-bom-base/src/App.js": {"path":"/Users/lauraoliveira/Documents/workspace/carango-bom-base/src/App.js","statementMap":{"0":{"start":{"line":11,"column":17},"end":{"line":20,"column":1}},"1":{"start":{"line":22,"column":18},"end":{"line":41,"column":3}},"2":{"start":{"line":22,"column":41},"end":{"line":41,"column":1}},"3":{"start":{"line":44,"column":18},"end":{"line":44,"column":29}},"4":{"start":{"line":46,"column":2},"end":{"line":59,"column":3}}},"fnMap":{"0":{"name":"(anonymous_0)","decl":{"start":{"line":22,"column":29},"end":{"line":22,"column":30}},"loc":{"start":{"line":22,"column":41},"end":{"line":41,"column":1}},"line":22},"1":{"name":"App","decl":{"start":{"line":43,"column":9},"end":{"line":43,"column":12}},"loc":{"start":{"line":43,"column":15},"end":{"line":60,"column":1}},"line":43}},"branchMap":{},"s":{"0":1,"1":1,"2":1,"3":1,"4":1},"f":{"0":1,"1":1},"b":{},"_coverageSchema":"1a1c01bbd47fc00a2c39e90264f33305004495a9","hash":"8f1cf0c91f891d6a565f166fe914b78dc071067b"}
,"/Users/lauraoliveira/Documents/workspace/carango-bom-base/src/Constants.js": {"path":"/Users/lauraoliveira/Documents/workspace/carango-bom-base/src/Constants.js","statementMap":{"0":{"start":{"line":1,"column":28},"end":{"line":1,"column":31}}},"fnMap":{},"branchMap":{},"s":{"0":0},"f":{},"b":{}}
,"/Users/lauraoliveira/Documents/workspace/carango-bom-base/src/index.js": {"path":"/Users/lauraoliveira/Documents/workspace/carango-bom-base/src/index.js","statementMap":{"0":{"start":{"line":9,"column":0},"end":{"line":14,"column":1}},"1":{"start":{"line":19,"column":0},"end":{"line":19,"column":17}}},"fnMap":{},"branchMap":{},"s":{"0":0,"1":0},"f":{},"b":{}}
,"/Users/lauraoliveira/Documents/workspace/carango-bom-base/src/reportWebVitals.js": {"path":"/Users/lauraoliveira/Documents/workspace/carango-bom-base/src/reportWebVitals.js","statementMap":{"0":{"start":{"line":1,"column":24},"end":{"line":11,"column":1}},"1":{"start":{"line":2,"column":2},"end":{"line":10,"column":3}},"2":{"start":{"line":3,"column":4},"end":{"line":9,"column":6}},"3":{"start":{"line":4,"column":6},"end":{"line":4,"column":25}},"4":{"start":{"line":5,"column":6},"end":{"line":5,"column":25}},"5":{"start":{"line":6,"column":6},"end":{"line":6,"column":25}},"6":{"start":{"line":7,"column":6},"end":{"line":7,"column":25}},"7":{"start":{"line":8,"column":6},"end":{"line":8,"column":26}}},"fnMap":{"0":{"name":"(anonymous_0)","decl":{"start":{"line":1,"column":24},"end":{"line":1,"column":25}},"loc":{"start":{"line":1,"column":41},"end":{"line":11,"column":1}},"line":1},"1":{"name":"(anonymous_1)","decl":{"start":{"line":3,"column":30},"end":{"line":3,"column":31}},"loc":{"start":{"line":3,"column":79},"end":{"line":9,"column":5}},"line":3}},"branchMap":{"0":{"loc":{"start":{"line":2,"column":2},"end":{"line":10,"column":3}},"type":"if","locations":[{"start":{"line":2,"column":2},"end":{"line":10,"column":3}},{"start":{"line":2,"column":2},"end":{"line":10,"column":3}}],"line":2},"1":{"loc":{"start":{"line":2,"column":6},"end":{"line":2,"column":52}},"type":"binary-expr","locations":[{"start":{"line":2,"column":6},"end":{"line":2,"column":17}},{"start":{"line":2,"column":21},"end":{"line":2,"column":52}}],"line":2}},"s":{"0":0,"1":0,"2":0,"3":0,"4":0,"5":0,"6":0,"7":0},"f":{"0":0,"1":0},"b":{"0":[0,0],"1":[0,0]}}
,"/Users/lauraoliveira/Documents/workspace/carango-bom-base/src/components/CustomPagination/index.jsx": {"path":"/Users/lauraoliveira/Documents/workspace/carango-bom-base/src/components/CustomPagination/index.jsx","statementMap":{"0":{"start":{"line":7,"column":18},"end":{"line":13,"column":3}},"1":{"start":{"line":7,"column":41},"end":{"line":13,"column":1}},"2":{"start":{"line":16,"column":18},"end":{"line":16,"column":29}},"3":{"start":{"line":17,"column":28},"end":{"line":17,"column":55}},"4":{"start":{"line":19,"column":2},"end":{"line":29,"column":3}},"5":{"start":{"line":26,"column":30},"end":{"line":26,"column":74}},"6":{"start":{"line":27,"column":34},"end":{"line":27,"column":67}}},"fnMap":{"0":{"name":"(anonymous_0)","decl":{"start":{"line":7,"column":29},"end":{"line":7,"column":30}},"loc":{"start":{"line":7,"column":41},"end":{"line":13,"column":1}},"line":7},"1":{"name":"CustomPagination","decl":{"start":{"line":15,"column":9},"end":{"line":15,"column":25}},"loc":{"start":{"line":15,"column":28},"end":{"line":30,"column":1}},"line":15},"2":{"name":"(anonymous_2)","decl":{"start":{"line":26,"column":18},"end":{"line":26,"column":19}},"loc":{"start":{"line":26,"column":30},"end":{"line":26,"column":74}},"line":26},"3":{"name":"(anonymous_3)","decl":{"start":{"line":27,"column":16},"end":{"line":27,"column":17}},"loc":{"start":{"line":27,"column":34},"end":{"line":27,"column":67}},"line":27}},"branchMap":{},"s":{"0":4,"1":7,"2":44,"3":44,"4":44,"5":104,"6":1},"f":{"0":7,"1":44,"2":104,"3":1},"b":{},"_coverageSchema":"1a1c01bbd47fc00a2c39e90264f33305004495a9","hash":"a0f0a07450507b6eb26116f0a2cb6a0195d85fbd"}
,"/Users/lauraoliveira/Documents/workspace/carango-bom-base/src/components/Header/index.jsx": {"path":"/Users/lauraoliveira/Documents/workspace/carango-bom-base/src/components/Header/index.jsx","statementMap":{"0":{"start":{"line":10,"column":20},"end":{"line":28,"column":5}},"1":{"start":{"line":10,"column":38},"end":{"line":28,"column":3}},"2":{"start":{"line":30,"column":54},"end":{"line":30,"column":65}},"3":{"start":{"line":32,"column":2},"end":{"line":54,"column":3}},"4":{"start":{"line":40,"column":12},"end":{"line":49,"column":21}}},"fnMap":{"0":{"name":"Header","decl":{"start":{"line":9,"column":9},"end":{"line":9,"column":15}},"loc":{"start":{"line":9,"column":18},"end":{"line":55,"column":1}},"line":9},"1":{"name":"(anonymous_1)","decl":{"start":{"line":10,"column":31},"end":{"line":10,"column":32}},"loc":{"start":{"line":10,"column":38},"end":{"line":28,"column":3}},"line":10},"2":{"name":"(anonymous_2)","decl":{"start":{"line":39,"column":27},"end":{"line":39,"column":28}},"loc":{"start":{"line":40,"column":12},"end":{"line":49,"column":21}},"line":40}},"branchMap":{},"s":{"0":1,"1":1,"2":1,"3":1,"4":3},"f":{"0":1,"1":1,"2":3},"b":{},"_coverageSchema":"1a1c01bbd47fc00a2c39e90264f33305004495a9","hash":"06ef3f6679bfbe61830a21f960b481f8f32a9bb1"}
,"/Users/lauraoliveira/Documents/workspace/carango-bom-base/src/components/TableActionButtons/index.jsx": {"path":"/Users/lauraoliveira/Documents/workspace/carango-bom-base/src/components/TableActionButtons/index.jsx","statementMap":{"0":{"start":{"line":7,"column":18},"end":{"line":12,"column":3}},"1":{"start":{"line":7,"column":41},"end":{"line":12,"column":1}},"2":{"start":{"line":14,"column":18},"end":{"line":14,"column":29}},"3":{"start":{"line":16,"column":2},"end":{"line":39,"column":3}},"4":{"start":{"line":22,"column":25},"end":{"line":22,"column":43}},"5":{"start":{"line":33,"column":25},"end":{"line":33,"column":41}},"6":{"start":{"line":42,"column":0},"end":{"line":46,"column":1}}},"fnMap":{"0":{"name":"(anonymous_0)","decl":{"start":{"line":7,"column":29},"end":{"line":7,"column":30}},"loc":{"start":{"line":7,"column":41},"end":{"line":12,"column":1}},"line":7},"1":{"name":"TableActionButtons","decl":{"start":{"line":13,"column":9},"end":{"line":13,"column":27}},"loc":{"start":{"line":13,"column":65},"end":{"line":40,"column":1}},"line":13},"2":{"name":"(anonymous_2)","decl":{"start":{"line":22,"column":19},"end":{"line":22,"column":20}},"loc":{"start":{"line":22,"column":25},"end":{"line":22,"column":43}},"line":22},"3":{"name":"(anonymous_3)","decl":{"start":{"line":33,"column":19},"end":{"line":33,"column":20}},"loc":{"start":{"line":33,"column":25},"end":{"line":33,"column":41}},"line":33}},"branchMap":{},"s":{"0":4,"1":5,"2":5,"3":5,"4":2,"5":1,"6":4},"f":{"0":5,"1":5,"2":2,"3":1},"b":{},"_coverageSchema":"1a1c01bbd47fc00a2c39e90264f33305004495a9","hash":"1425dd64480a4e372d881b4e78b4da208554ac18"}
,"/Users/lauraoliveira/Documents/workspace/carango-bom-base/src/hooks/useErros.js": {"path":"/Users/lauraoliveira/Documents/workspace/carango-bom-base/src/hooks/useErros.js","statementMap":{"0":{"start":{"line":4,"column":24},"end":{"line":4,"column":54}},"1":{"start":{"line":6,"column":28},"end":{"line":6,"column":51}},"2":{"start":{"line":9,"column":28},"end":{"line":9,"column":40}},"3":{"start":{"line":10,"column":23},"end":{"line":10,"column":35}},"4":{"start":{"line":11,"column":4},"end":{"line":11,"column":46}},"5":{"start":{"line":12,"column":4},"end":{"line":12,"column":24}},"6":{"start":{"line":16,"column":4},"end":{"line":20,"column":5}},"7":{"start":{"line":17,"column":6},"end":{"line":19,"column":7}},"8":{"start":{"line":18,"column":8},"end":{"line":18,"column":20}},"9":{"start":{"line":22,"column":4},"end":{"line":22,"column":15}},"10":{"start":{"line":25,"column":2},"end":{"line":25,"column":44}},"11":{"start":{"line":29,"column":24},"end":{"line":29,"column":26}},"12":{"start":{"line":30,"column":2},"end":{"line":32,"column":3}},"13":{"start":{"line":31,"column":4},"end":{"line":31,"column":54}},"14":{"start":{"line":34,"column":2},"end":{"line":34,"column":22}}},"fnMap":{"0":{"name":"useErros","decl":{"start":{"line":3,"column":9},"end":{"line":3,"column":17}},"loc":{"start":{"line":3,"column":31},"end":{"line":26,"column":1}},"line":3},"1":{"name":"validarCampos","decl":{"start":{"line":8,"column":11},"end":{"line":8,"column":24}},"loc":{"start":{"line":8,"column":33},"end":{"line":13,"column":3}},"line":8},"2":{"name":"possoEnviar","decl":{"start":{"line":15,"column":11},"end":{"line":15,"column":22}},"loc":{"start":{"line":15,"column":26},"end":{"line":23,"column":3}},"line":15},"3":{"name":"criarEstadoInicial","decl":{"start":{"line":28,"column":9},"end":{"line":28,"column":27}},"loc":{"start":{"line":28,"column":41},"end":{"line":35,"column":1}},"line":28}},"branchMap":{"0":{"loc":{"start":{"line":17,"column":6},"end":{"line":19,"column":7}},"type":"if","locations":[{"start":{"line":17,"column":6},"end":{"line":19,"column":7}},{"start":{"line":17,"column":6},"end":{"line":19,"column":7}}],"line":17}},"s":{"0":1,"1":1,"2":0,"3":0,"4":0,"5":0,"6":1,"7":4,"8":0,"9":1,"10":1,"11":1,"12":1,"13":4,"14":1},"f":{"0":1,"1":0,"2":1,"3":1},"b":{"0":[0,4]},"_coverageSchema":"1a1c01bbd47fc00a2c39e90264f33305004495a9","hash":"43fd7c7102dd5d60160547a71a3947a4770d731e"}
,"/Users/lauraoliveira/Documents/workspace/carango-bom-base/src/pages/CadastroMarca.jsx": {"path":"/Users/lauraoliveira/Documents/workspace/carango-bom-base/src/pages/CadastroMarca.jsx","statementMap":{"0":{"start":{"line":7,"column":18},"end":{"line":12,"column":3}},"1":{"start":{"line":7,"column":36},"end":{"line":12,"column":1}},"2":{"start":{"line":15,"column":28},"end":{"line":15,"column":40}},"3":{"start":{"line":17,"column":18},"end":{"line":17,"column":29}},"4":{"start":{"line":18,"column":18},"end":{"line":18,"column":30}},"5":{"start":{"line":19,"column":17},"end":{"line":19,"column":28}},"6":{"start":{"line":21,"column":21},"end":{"line":29,"column":3}},"7":{"start":{"line":23,"column":6},"end":{"line":27,"column":7}},"8":{"start":{"line":24,"column":8},"end":{"line":24,"column":31}},"9":{"start":{"line":26,"column":8},"end":{"line":26,"column":76}},"10":{"start":{"line":31,"column":46},"end":{"line":31,"column":66}},"11":{"start":{"line":34,"column":4},"end":{"line":34,"column":20}},"12":{"start":{"line":38,"column":2},"end":{"line":42,"column":10}},"13":{"start":{"line":39,"column":4},"end":{"line":41,"column":5}},"14":{"start":{"line":40,"column":6},"end":{"line":40,"column":62}},"15":{"start":{"line":40,"column":45},"end":{"line":40,"column":61}},"16":{"start":{"line":44,"column":2},"end":{"line":86,"column":3}},"17":{"start":{"line":47,"column":8},"end":{"line":47,"column":30}},"18":{"start":{"line":48,"column":8},"end":{"line":59,"column":9}},"19":{"start":{"line":49,"column":10},"end":{"line":58,"column":11}},"20":{"start":{"line":50,"column":12},"end":{"line":52,"column":14}},"21":{"start":{"line":51,"column":14},"end":{"line":51,"column":30}},"22":{"start":{"line":54,"column":12},"end":{"line":57,"column":14}},"23":{"start":{"line":55,"column":14},"end":{"line":55,"column":26}},"24":{"start":{"line":56,"column":14},"end":{"line":56,"column":30}},"25":{"start":{"line":64,"column":27},"end":{"line":64,"column":53}}},"fnMap":{"0":{"name":"(anonymous_0)","decl":{"start":{"line":7,"column":29},"end":{"line":7,"column":30}},"loc":{"start":{"line":7,"column":36},"end":{"line":12,"column":1}},"line":7},"1":{"name":"CadastroMarca","decl":{"start":{"line":14,"column":9},"end":{"line":14,"column":22}},"loc":{"start":{"line":14,"column":25},"end":{"line":87,"column":1}},"line":14},"2":{"name":"(anonymous_2)","decl":{"start":{"line":22,"column":11},"end":{"line":22,"column":12}},"loc":{"start":{"line":22,"column":21},"end":{"line":28,"column":5}},"line":22},"3":{"name":"cancelar","decl":{"start":{"line":33,"column":11},"end":{"line":33,"column":19}},"loc":{"start":{"line":33,"column":22},"end":{"line":35,"column":3}},"line":33},"4":{"name":"(anonymous_4)","decl":{"start":{"line":38,"column":12},"end":{"line":38,"column":13}},"loc":{"start":{"line":38,"column":18},"end":{"line":42,"column":3}},"line":38},"5":{"name":"(anonymous_5)","decl":{"start":{"line":40,"column":38},"end":{"line":40,"column":39}},"loc":{"start":{"line":40,"column":45},"end":{"line":40,"column":61}},"line":40},"6":{"name":"(anonymous_6)","decl":{"start":{"line":46,"column":16},"end":{"line":46,"column":17}},"loc":{"start":{"line":46,"column":27},"end":{"line":60,"column":7}},"line":46},"7":{"name":"(anonymous_7)","decl":{"start":{"line":50,"column":59},"end":{"line":50,"column":60}},"loc":{"start":{"line":50,"column":68},"end":{"line":52,"column":13}},"line":50},"8":{"name":"(anonymous_8)","decl":{"start":{"line":54,"column":57},"end":{"line":54,"column":58}},"loc":{"start":{"line":54,"column":66},"end":{"line":57,"column":13}},"line":54},"9":{"name":"(anonymous_9)","decl":{"start":{"line":64,"column":18},"end":{"line":64,"column":19}},"loc":{"start":{"line":64,"column":27},"end":{"line":64,"column":53}},"line":64}},"branchMap":{"0":{"loc":{"start":{"line":23,"column":6},"end":{"line":27,"column":7}},"type":"if","locations":[{"start":{"line":23,"column":6},"end":{"line":27,"column":7}},{"start":{"line":23,"column":6},"end":{"line":27,"column":7}}],"line":23},"1":{"loc":{"start":{"line":23,"column":10},"end":{"line":23,"column":34}},"type":"binary-expr","locations":[{"start":{"line":23,"column":10},"end":{"line":23,"column":14}},{"start":{"line":23,"column":18},"end":{"line":23,"column":34}}],"line":23},"2":{"loc":{"start":{"line":39,"column":4},"end":{"line":41,"column":5}},"type":"if","locations":[{"start":{"line":39,"column":4},"end":{"line":41,"column":5}},{"start":{"line":39,"column":4},"end":{"line":41,"column":5}}],"line":39},"3":{"loc":{"start":{"line":48,"column":8},"end":{"line":59,"column":9}},"type":"if","locations":[{"start":{"line":48,"column":8},"end":{"line":59,"column":9}},{"start":{"line":48,"column":8},"end":{"line":59,"column":9}}],"line":48},"4":{"loc":{"start":{"line":49,"column":10},"end":{"line":58,"column":11}},"type":"if","locations":[{"start":{"line":49,"column":10},"end":{"line":58,"column":11}},{"start":{"line":49,"column":10},"end":{"line":58,"column":11}}],"line":49},"5":{"loc":{"start":{"line":79,"column":9},"end":{"line":79,"column":37}},"type":"cond-expr","locations":[{"start":{"line":79,"column":14},"end":{"line":79,"column":23}},{"start":{"line":79,"column":26},"end":{"line":79,"column":37}}],"line":79}},"s":{"0":2,"1":0,"2":0,"3":0,"4":0,"5":0,"6":0,"7":0,"8":0,"9":0,"10":0,"11":0,"12":0,"13":0,"14":0,"15":0,"16":0,"17":0,"18":0,"19":0,"20":0,"21":0,"22":0,"23":0,"24":0,"25":0},"f":{"0":0,"1":0,"2":0,"3":0,"4":0,"5":0,"6":0,"7":0,"8":0,"9":0},"b":{"0":[0,0],"1":[0,0],"2":[0,0],"3":[0,0],"4":[0,0],"5":[0,0]},"_coverageSchema":"1a1c01bbd47fc00a2c39e90264f33305004495a9","hash":"e98129e22e60ccd8227bca5ed5069c075e30f490"}
,"/Users/lauraoliveira/Documents/workspace/carango-bom-base/src/pages/CadastroVeiculo.jsx": {"path":"/Users/lauraoliveira/Documents/workspace/carango-bom-base/src/pages/CadastroVeiculo.jsx","statementMap":{"0":{"start":{"line":8,"column":18},"end":{"line":13,"column":3}},"1":{"start":{"line":8,"column":36},"end":{"line":13,"column":1}},"2":{"start":{"line":16,"column":32},"end":{"line":21,"column":4}},"3":{"start":{"line":22,"column":30},"end":{"line":22,"column":42}},"4":{"start":{"line":24,"column":18},"end":{"line":24,"column":29}},"5":{"start":{"line":25,"column":18},"end":{"line":25,"column":30}},"6":{"start":{"line":26,"column":17},"end":{"line":26,"column":28}},"7":{"start":{"line":28,"column":21},"end":{"line":60,"column":3}},"8":{"start":{"line":30,"column":6},"end":{"line":34,"column":7}},"9":{"start":{"line":31,"column":8},"end":{"line":31,"column":31}},"10":{"start":{"line":33,"column":8},"end":{"line":33,"column":63}},"11":{"start":{"line":37,"column":6},"end":{"line":44,"column":7}},"12":{"start":{"line":38,"column":8},"end":{"line":41,"column":9}},"13":{"start":{"line":43,"column":8},"end":{"line":43,"column":31}},"14":{"start":{"line":47,"column":6},"end":{"line":51,"column":7}},"15":{"start":{"line":48,"column":8},"end":{"line":48,"column":78}},"16":{"start":{"line":50,"column":8},"end":{"line":50,"column":31}},"17":{"start":{"line":54,"column":6},"end":{"line":58,"column":7}},"18":{"start":{"line":55,"column":8},"end":{"line":55,"column":31}},"19":{"start":{"line":57,"column":8},"end":{"line":57,"column":63}},"20":{"start":{"line":62,"column":46},"end":{"line":62,"column":66}},"21":{"start":{"line":64,"column":2},"end":{"line":67,"column":8}},"22":{"start":{"line":65,"column":19},"end":{"line":65,"column":46}},"23":{"start":{"line":66,"column":4},"end":{"line":66,"column":21}},"24":{"start":{"line":69,"column":2},"end":{"line":80,"column":10}},"25":{"start":{"line":70,"column":4},"end":{"line":79,"column":5}},"26":{"start":{"line":71,"column":22},"end":{"line":71,"column":56}},"27":{"start":{"line":73,"column":6},"end":{"line":78,"column":8}},"28":{"start":{"line":83,"column":4},"end":{"line":83,"column":20}},"29":{"start":{"line":86,"column":2},"end":{"line":208,"column":3}},"30":{"start":{"line":89,"column":8},"end":{"line":89,"column":30}},"31":{"start":{"line":91,"column":8},"end":{"line":107,"column":9}},"32":{"start":{"line":92,"column":10},"end":{"line":106,"column":11}},"33":{"start":{"line":93,"column":12},"end":{"line":95,"column":14}},"34":{"start":{"line":94,"column":14},"end":{"line":94,"column":30}},"35":{"start":{"line":97,"column":12},"end":{"line":105,"column":14}},"36":{"start":{"line":98,"column":14},"end":{"line":103,"column":16}},"37":{"start":{"line":104,"column":14},"end":{"line":104,"column":30}},"38":{"start":{"line":113,"column":10},"end":{"line":116,"column":13}},"39":{"start":{"line":113,"column":37},"end":{"line":116,"column":11}},"40":{"start":{"line":131,"column":12},"end":{"line":133,"column":23}},"41":{"start":{"line":140,"column":10},"end":{"line":143,"column":13}},"42":{"start":{"line":140,"column":37},"end":{"line":143,"column":11}},"43":{"start":{"line":161,"column":10},"end":{"line":164,"column":13}},"44":{"start":{"line":161,"column":37},"end":{"line":164,"column":11}},"45":{"start":{"line":182,"column":10},"end":{"line":185,"column":13}},"46":{"start":{"line":182,"column":37},"end":{"line":185,"column":11}}},"fnMap":{"0":{"name":"(anonymous_0)","decl":{"start":{"line":8,"column":29},"end":{"line":8,"column":30}},"loc":{"start":{"line":8,"column":36},"end":{"line":13,"column":1}},"line":8},"1":{"name":"CadastroVeiculo","decl":{"start":{"line":15,"column":9},"end":{"line":15,"column":24}},"loc":{"start":{"line":15,"column":27},"end":{"line":209,"column":1}},"line":15},"2":{"name":"(anonymous_2)","decl":{"start":{"line":29,"column":11},"end":{"line":29,"column":12}},"loc":{"start":{"line":29,"column":21},"end":{"line":35,"column":5}},"line":29},"3":{"name":"(anonymous_3)","decl":{"start":{"line":36,"column":12},"end":{"line":36,"column":13}},"loc":{"start":{"line":36,"column":22},"end":{"line":45,"column":5}},"line":36},"4":{"name":"(anonymous_4)","decl":{"start":{"line":46,"column":9},"end":{"line":46,"column":10}},"loc":{"start":{"line":46,"column":19},"end":{"line":52,"column":5}},"line":46},"5":{"name":"(anonymous_5)","decl":{"start":{"line":53,"column":11},"end":{"line":53,"column":12}},"loc":{"start":{"line":53,"column":21},"end":{"line":59,"column":5}},"line":53},"6":{"name":"(anonymous_6)","decl":{"start":{"line":64,"column":12},"end":{"line":64,"column":13}},"loc":{"start":{"line":64,"column":24},"end":{"line":67,"column":3}},"line":64},"7":{"name":"(anonymous_7)","decl":{"start":{"line":69,"column":12},"end":{"line":69,"column":13}},"loc":{"start":{"line":69,"column":24},"end":{"line":80,"column":3}},"line":69},"8":{"name":"cancelar","decl":{"start":{"line":82,"column":11},"end":{"line":82,"column":19}},"loc":{"start":{"line":82,"column":22},"end":{"line":84,"column":3}},"line":82},"9":{"name":"(anonymous_9)","decl":{"start":{"line":88,"column":16},"end":{"line":88,"column":17}},"loc":{"start":{"line":88,"column":27},"end":{"line":108,"column":7}},"line":88},"10":{"name":"(anonymous_10)","decl":{"start":{"line":93,"column":60},"end":{"line":93,"column":61}},"loc":{"start":{"line":93,"column":69},"end":{"line":95,"column":13}},"line":93},"11":{"name":"(anonymous_11)","decl":{"start":{"line":97,"column":58},"end":{"line":97,"column":59}},"loc":{"start":{"line":97,"column":67},"end":{"line":105,"column":13}},"line":97},"12":{"name":"(anonymous_12)","decl":{"start":{"line":112,"column":18},"end":{"line":112,"column":19}},"loc":{"start":{"line":113,"column":10},"end":{"line":116,"column":13}},"line":113},"13":{"name":"(anonymous_13)","decl":{"start":{"line":113,"column":21},"end":{"line":113,"column":22}},"loc":{"start":{"line":113,"column":37},"end":{"line":116,"column":11}},"line":113},"14":{"name":"(anonymous_14)","decl":{"start":{"line":130,"column":21},"end":{"line":130,"column":22}},"loc":{"start":{"line":131,"column":12},"end":{"line":133,"column":23}},"line":131},"15":{"name":"(anonymous_15)","decl":{"start":{"line":139,"column":18},"end":{"line":139,"column":19}},"loc":{"start":{"line":140,"column":10},"end":{"line":143,"column":13}},"line":140},"16":{"name":"(anonymous_16)","decl":{"start":{"line":140,"column":21},"end":{"line":140,"column":22}},"loc":{"start":{"line":140,"column":37},"end":{"line":143,"column":11}},"line":140},"17":{"name":"(anonymous_17)","decl":{"start":{"line":160,"column":18},"end":{"line":160,"column":19}},"loc":{"start":{"line":161,"column":10},"end":{"line":164,"column":13}},"line":161},"18":{"name":"(anonymous_18)","decl":{"start":{"line":161,"column":21},"end":{"line":161,"column":22}},"loc":{"start":{"line":161,"column":37},"end":{"line":164,"column":11}},"line":161},"19":{"name":"(anonymous_19)","decl":{"start":{"line":181,"column":18},"end":{"line":181,"column":19}},"loc":{"start":{"line":182,"column":10},"end":{"line":185,"column":13}},"line":182},"20":{"name":"(anonymous_20)","decl":{"start":{"line":182,"column":21},"end":{"line":182,"column":22}},"loc":{"start":{"line":182,"column":37},"end":{"line":185,"column":11}},"line":182}},"branchMap":{"0":{"loc":{"start":{"line":30,"column":6},"end":{"line":34,"column":7}},"type":"if","locations":[{"start":{"line":30,"column":6},"end":{"line":34,"column":7}},{"start":{"line":30,"column":6},"end":{"line":34,"column":7}}],"line":30},"1":{"loc":{"start":{"line":37,"column":6},"end":{"line":44,"column":7}},"type":"if","locations":[{"start":{"line":37,"column":6},"end":{"line":44,"column":7}},{"start":{"line":37,"column":6},"end":{"line":44,"column":7}}],"line":37},"2":{"loc":{"start":{"line":37,"column":10},"end":{"line":37,"column":34}},"type":"binary-expr","locations":[{"start":{"line":37,"column":10},"end":{"line":37,"column":15}},{"start":{"line":37,"column":19},"end":{"line":37,"column":34}}],"line":37},"3":{"loc":{"start":{"line":47,"column":6},"end":{"line":51,"column":7}},"type":"if","locations":[{"start":{"line":47,"column":6},"end":{"line":51,"column":7}},{"start":{"line":47,"column":6},"end":{"line":51,"column":7}}],"line":47},"4":{"loc":{"start":{"line":47,"column":10},"end":{"line":47,"column":34}},"type":"binary-expr","locations":[{"start":{"line":47,"column":10},"end":{"line":47,"column":15}},{"start":{"line":47,"column":19},"end":{"line":47,"column":34}}],"line":47},"5":{"loc":{"start":{"line":54,"column":6},"end":{"line":58,"column":7}},"type":"if","locations":[{"start":{"line":54,"column":6},"end":{"line":58,"column":7}},{"start":{"line":54,"column":6},"end":{"line":58,"column":7}}],"line":54},"6":{"loc":{"start":{"line":70,"column":4},"end":{"line":79,"column":5}},"type":"if","locations":[{"start":{"line":70,"column":4},"end":{"line":79,"column":5}},{"start":{"line":70,"column":4},"end":{"line":79,"column":5}}],"line":70},"7":{"loc":{"start":{"line":91,"column":8},"end":{"line":107,"column":9}},"type":"if","locations":[{"start":{"line":91,"column":8},"end":{"line":107,"column":9}},{"start":{"line":91,"column":8},"end":{"line":107,"column":9}}],"line":91},"8":{"loc":{"start":{"line":92,"column":10},"end":{"line":106,"column":11}},"type":"if","locations":[{"start":{"line":92,"column":10},"end":{"line":106,"column":11}},{"start":{"line":92,"column":10},"end":{"line":106,"column":11}}],"line":92},"9":{"loc":{"start":{"line":129,"column":9},"end":{"line":134,"column":12}},"type":"binary-expr","locations":[{"start":{"line":129,"column":9},"end":{"line":129,"column":15}},{"start":{"line":130,"column":10},"end":{"line":134,"column":12}}],"line":129},"10":{"loc":{"start":{"line":201,"column":9},"end":{"line":201,"column":37}},"type":"cond-expr","locations":[{"start":{"line":201,"column":14},"end":{"line":201,"column":23}},{"start":{"line":201,"column":26},"end":{"line":201,"column":37}}],"line":201}},"s":{"0":2,"1":1,"2":1,"3":1,"4":1,"5":1,"6":1,"7":1,"8":0,"9":0,"10":0,"11":0,"12":0,"13":0,"14":0,"15":0,"16":0,"17":0,"18":0,"19":0,"20":1,"21":1,"22":1,"23":0,"24":1,"25":1,"26":0,"27":0,"28":0,"29":1,"30":0,"31":0,"32":0,"33":0,"34":0,"35":0,"36":0,"37":0,"38":0,"39":0,"40":0,"41":0,"42":0,"43":0,"44":0,"45":0,"46":0},"f":{"0":1,"1":1,"2":0,"3":0,"4":0,"5":0,"6":1,"7":1,"8":0,"9":0,"10":0,"11":0,"12":0,"13":0,"14":0,"15":0,"16":0,"17":0,"18":0,"19":0,"20":0},"b":{"0":[0,0],"1":[0,0],"2":[0,0],"3":[0,0],"4":[0,0],"5":[0,0],"6":[0,1],"7":[0,0],"8":[0,0],"9":[1,1],"10":[0,1]},"_coverageSchema":"1a1c01bbd47fc00a2c39e90264f33305004495a9","hash":"935d9801629d4aab6b7a8dc7b131aee6d9d7a5b5"}
,"/Users/lauraoliveira/Documents/workspace/carango-bom-base/src/pages/ListagemMarcas.jsx": {"path":"/Users/lauraoliveira/Documents/workspace/carango-bom-base/src/pages/ListagemMarcas.jsx","statementMap":{"0":{"start":{"line":8,"column":16},"end":{"line":8,"column":68}},"1":{"start":{"line":10,"column":18},"end":{"line":23,"column":3}},"2":{"start":{"line":10,"column":36},"end":{"line":23,"column":1}},"3":{"start":{"line":26,"column":30},"end":{"line":26,"column":42}},"4":{"start":{"line":27,"column":50},"end":{"line":27,"column":60}},"5":{"start":{"line":28,"column":18},"end":{"line":28,"column":29}},"6":{"start":{"line":29,"column":18},"end":{"line":29,"column":30}},"7":{"start":{"line":32,"column":4},"end":{"line":32,"column":59}},"8":{"start":{"line":36,"column":4},"end":{"line":39,"column":6}},"9":{"start":{"line":37,"column":6},"end":{"line":37,"column":31}},"10":{"start":{"line":38,"column":6},"end":{"line":38,"column":22}},"11":{"start":{"line":44,"column":2},"end":{"line":44,"column":39}},"12":{"start":{"line":44,"column":18},"end":{"line":44,"column":34}},"13":{"start":{"line":47,"column":4},"end":{"line":47,"column":59}},"14":{"start":{"line":47,"column":42},"end":{"line":47,"column":58}},"15":{"start":{"line":50,"column":2},"end":{"line":90,"column":3}},"16":{"start":{"line":56,"column":10},"end":{"line":56,"column":49}},"17":{"start":{"line":66,"column":25},"end":{"line":66,"column":34}},"18":{"start":{"line":75,"column":25},"end":{"line":75,"column":34}},"19":{"start":{"line":85,"column":23},"end":{"line":85,"column":54}}},"fnMap":{"0":{"name":"(anonymous_0)","decl":{"start":{"line":10,"column":29},"end":{"line":10,"column":30}},"loc":{"start":{"line":10,"column":36},"end":{"line":23,"column":1}},"line":10},"1":{"name":"ListagemMarcas","decl":{"start":{"line":25,"column":9},"end":{"line":25,"column":23}},"loc":{"start":{"line":25,"column":26},"end":{"line":91,"column":1}},"line":25},"2":{"name":"alterar","decl":{"start":{"line":31,"column":11},"end":{"line":31,"column":18}},"loc":{"start":{"line":31,"column":21},"end":{"line":33,"column":3}},"line":31},"3":{"name":"excluir","decl":{"start":{"line":35,"column":11},"end":{"line":35,"column":18}},"loc":{"start":{"line":35,"column":21},"end":{"line":40,"column":3}},"line":35},"4":{"name":"(anonymous_4)","decl":{"start":{"line":36,"column":48},"end":{"line":36,"column":49}},"loc":{"start":{"line":36,"column":54},"end":{"line":39,"column":5}},"line":36},"5":{"name":"(anonymous_5)","decl":{"start":{"line":44,"column":12},"end":{"line":44,"column":13}},"loc":{"start":{"line":44,"column":18},"end":{"line":44,"column":34}},"line":44},"6":{"name":"carregarMarcas","decl":{"start":{"line":46,"column":11},"end":{"line":46,"column":25}},"loc":{"start":{"line":46,"column":28},"end":{"line":48,"column":3}},"line":46},"7":{"name":"(anonymous_7)","decl":{"start":{"line":47,"column":31},"end":{"line":47,"column":32}},"loc":{"start":{"line":47,"column":42},"end":{"line":47,"column":58}},"line":47},"8":{"name":"(anonymous_8)","decl":{"start":{"line":55,"column":23},"end":{"line":55,"column":24}},"loc":{"start":{"line":56,"column":10},"end":{"line":56,"column":49}},"line":56},"9":{"name":"(anonymous_9)","decl":{"start":{"line":66,"column":19},"end":{"line":66,"column":20}},"loc":{"start":{"line":66,"column":25},"end":{"line":66,"column":34}},"line":66},"10":{"name":"(anonymous_10)","decl":{"start":{"line":75,"column":19},"end":{"line":75,"column":20}},"loc":{"start":{"line":75,"column":25},"end":{"line":75,"column":34}},"line":75},"11":{"name":"(anonymous_11)","decl":{"start":{"line":85,"column":17},"end":{"line":85,"column":18}},"loc":{"start":{"line":85,"column":23},"end":{"line":85,"column":54}},"line":85}},"branchMap":{},"s":{"0":2,"1":2,"2":2,"3":2,"4":2,"5":2,"6":2,"7":0,"8":0,"9":0,"10":0,"11":2,"12":2,"13":2,"14":0,"15":2,"16":0,"17":0,"18":0,"19":0},"f":{"0":2,"1":2,"2":0,"3":0,"4":0,"5":2,"6":2,"7":0,"8":0,"9":0,"10":0,"11":0},"b":{},"_coverageSchema":"1a1c01bbd47fc00a2c39e90264f33305004495a9","hash":"64eabe67ef0c5b867b7b482c4d5850f8143838d6"}
,"/Users/lauraoliveira/Documents/workspace/carango-bom-base/src/pages/ListagemVeiculos/index.jsx": {"path":"/Users/lauraoliveira/Documents/workspace/carango-bom-base/src/pages/ListagemVeiculos/index.jsx","statementMap":{"0":{"start":{"line":15,"column":34},"end":{"line":15,"column":46}},"1":{"start":{"line":16,"column":41},"end":{"line":16,"column":82}},"2":{"start":{"line":17,"column":18},"end":{"line":17,"column":29}},"3":{"start":{"line":18,"column":18},"end":{"line":18,"column":30}},"4":{"start":{"line":20,"column":24},"end":{"line":29,"column":3}},"5":{"start":{"line":21,"column":4},"end":{"line":28,"column":5}},"6":{"start":{"line":22,"column":6},"end":{"line":22,"column":38}},"7":{"start":{"line":23,"column":6},"end":{"line":23,"column":42}},"8":{"start":{"line":24,"column":6},"end":{"line":24,"column":70}},"9":{"start":{"line":24,"column":47},"end":{"line":24,"column":68}},"10":{"start":{"line":25,"column":6},"end":{"line":25,"column":40}},"11":{"start":{"line":27,"column":6},"end":{"line":27,"column":57}},"12":{"start":{"line":31,"column":18},"end":{"line":44,"column":8}},"13":{"start":{"line":32,"column":4},"end":{"line":43,"column":5}},"14":{"start":{"line":41,"column":32},"end":{"line":41,"column":101}},"15":{"start":{"line":46,"column":2},"end":{"line":60,"column":8}},"16":{"start":{"line":47,"column":33},"end":{"line":58,"column":5}},"17":{"start":{"line":49,"column":6},"end":{"line":57,"column":7}},"18":{"start":{"line":50,"column":8},"end":{"line":50,"column":40}},"19":{"start":{"line":51,"column":8},"end":{"line":51,"column":53}},"20":{"start":{"line":52,"column":39},"end":{"line":52,"column":70}},"21":{"start":{"line":53,"column":8},"end":{"line":53,"column":43}},"22":{"start":{"line":54,"column":8},"end":{"line":54,"column":42}},"23":{"start":{"line":56,"column":8},"end":{"line":56,"column":59}},"24":{"start":{"line":59,"column":4},"end":{"line":59,"column":26}},"25":{"start":{"line":62,"column":27},"end":{"line":70,"column":3}},"26":{"start":{"line":63,"column":4},"end":{"line":69,"column":7}},"27":{"start":{"line":63,"column":43},"end":{"line":69,"column":5}},"28":{"start":{"line":72,"column":2},"end":{"line":97,"column":3}},"29":{"start":{"line":93,"column":83},"end":{"line":93,"column":116}}},"fnMap":{"0":{"name":"ListagemVeiculos","decl":{"start":{"line":14,"column":9},"end":{"line":14,"column":25}},"loc":{"start":{"line":14,"column":28},"end":{"line":98,"column":1}},"line":14},"1":{"name":"(anonymous_1)","decl":{"start":{"line":20,"column":24},"end":{"line":20,"column":25}},"loc":{"start":{"line":20,"column":39},"end":{"line":29,"column":3}},"line":20},"2":{"name":"(anonymous_2)","decl":{"start":{"line":24,"column":34},"end":{"line":24,"column":35}},"loc":{"start":{"line":24,"column":47},"end":{"line":24,"column":68}},"line":24},"3":{"name":"(anonymous_3)","decl":{"start":{"line":31,"column":26},"end":{"line":31,"column":27}},"loc":{"start":{"line":31,"column":32},"end":{"line":44,"column":3}},"line":31},"4":{"name":"(anonymous_4)","decl":{"start":{"line":41,"column":20},"end":{"line":41,"column":21}},"loc":{"start":{"line":41,"column":32},"end":{"line":41,"column":101}},"line":41},"5":{"name":"(anonymous_5)","decl":{"start":{"line":46,"column":12},"end":{"line":46,"column":13}},"loc":{"start":{"line":46,"column":18},"end":{"line":60,"column":3}},"line":46},"6":{"name":"(anonymous_6)","decl":{"start":{"line":47,"column":33},"end":{"line":47,"column":34}},"loc":{"start":{"line":47,"column":45},"end":{"line":58,"column":5}},"line":47},"7":{"name":"(anonymous_7)","decl":{"start":{"line":62,"column":27},"end":{"line":62,"column":28}},"loc":{"start":{"line":62,"column":46},"end":{"line":70,"column":3}},"line":62},"8":{"name":"(anonymous_8)","decl":{"start":{"line":63,"column":29},"end":{"line":63,"column":30}},"loc":{"start":{"line":63,"column":43},"end":{"line":69,"column":5}},"line":63},"9":{"name":"(anonymous_9)","decl":{"start":{"line":93,"column":77},"end":{"line":93,"column":78}},"loc":{"start":{"line":93,"column":83},"end":{"line":93,"column":116}},"line":93}},"branchMap":{"0":{"loc":{"start":{"line":74,"column":7},"end":{"line":78,"column":14}},"type":"cond-expr","locations":[{"start":{"line":75,"column":8},"end":{"line":77,"column":16}},{"start":{"line":78,"column":10},"end":{"line":78,"column":14}}],"line":74}},"s":{"0":25,"1":25,"2":25,"3":25,"4":25,"5":1,"6":1,"7":1,"8":1,"9":0,"10":1,"11":0,"12":25,"13":6,"14":4,"15":25,"16":6,"17":6,"18":6,"19":6,"20":4,"21":4,"22":4,"23":2,"24":6,"25":25,"26":4,"27":4,"28":25,"29":1},"f":{"0":25,"1":1,"2":0,"3":6,"4":4,"5":6,"6":6,"7":4,"8":4,"9":1},"b":{"0":[2,23]},"_coverageSchema":"1a1c01bbd47fc00a2c39e90264f33305004495a9","hash":"1076eb2d64c07622a89714a5c7cf48d802f75d34"}
,"/Users/lauraoliveira/Documents/workspace/carango-bom-base/src/pages/ListagemVeiculos/useStyles.js": {"path":"/Users/lauraoliveira/Documents/workspace/carango-bom-base/src/pages/ListagemVeiculos/useStyles.js","statementMap":{"0":{"start":{"line":3,"column":18},"end":{"line":69,"column":3}},"1":{"start":{"line":3,"column":41},"end":{"line":69,"column":1}}},"fnMap":{"0":{"name":"(anonymous_0)","decl":{"start":{"line":3,"column":29},"end":{"line":3,"column":30}},"loc":{"start":{"line":3,"column":41},"end":{"line":69,"column":1}},"line":3}},"branchMap":{},"s":{"0":3,"1":6},"f":{"0":6},"b":{},"_coverageSchema":"1a1c01bbd47fc00a2c39e90264f33305004495a9","hash":"9603678c5ec0b51a40db01cc5da7eec0792517bf"}
,"/Users/lauraoliveira/Documents/workspace/carango-bom-base/src/routes/index.jsx": {"path":"/Users/lauraoliveira/Documents/workspace/carango-bom-base/src/routes/index.jsx","statementMap":{"0":{"start":{"line":11,"column":2},"end":{"line":22,"column":3}}},"fnMap":{"0":{"name":"Routes","decl":{"start":{"line":10,"column":9},"end":{"line":10,"column":15}},"loc":{"start":{"line":10,"column":18},"end":{"line":23,"column":1}},"line":10}},"branchMap":{},"s":{"0":2},"f":{"0":2},"b":{},"_coverageSchema":"1a1c01bbd47fc00a2c39e90264f33305004495a9","hash":"11c73d44d63eff5e4b25391c763281c54c274c84"}
,"/Users/lauraoliveira/Documents/workspace/carango-bom-base/src/services/MarcaService.js": {"path":"/Users/lauraoliveira/Documents/workspace/carango-bom-base/src/services/MarcaService.js","statementMap":{"0":{"start":{"line":1,"column":21},"end":{"line":30,"column":1}},"1":{"start":{"line":3,"column":4},"end":{"line":6,"column":26}},"2":{"start":{"line":6,"column":17},"end":{"line":6,"column":25}},"3":{"start":{"line":10,"column":4},"end":{"line":13,"column":26}},"4":{"start":{"line":13,"column":17},"end":{"line":13,"column":25}},"5":{"start":{"line":17,"column":4},"end":{"line":17,"column":90}},"6":{"start":{"line":17,"column":81},"end":{"line":17,"column":89}},"7":{"start":{"line":21,"column":4},"end":{"line":21,"column":84}},"8":{"start":{"line":21,"column":75},"end":{"line":21,"column":83}},"9":{"start":{"line":25,"column":4},"end":{"line":28,"column":26}},"10":{"start":{"line":28,"column":17},"end":{"line":28,"column":25}}},"fnMap":{"0":{"name":"(anonymous_0)","decl":{"start":{"line":2,"column":2},"end":{"line":2,"column":3}},"loc":{"start":{"line":2,"column":20},"end":{"line":7,"column":3}},"line":2},"1":{"name":"(anonymous_1)","decl":{"start":{"line":6,"column":12},"end":{"line":6,"column":13}},"loc":{"start":{"line":6,"column":17},"end":{"line":6,"column":25}},"line":6},"2":{"name":"(anonymous_2)","decl":{"start":{"line":9,"column":2},"end":{"line":9,"column":3}},"loc":{"start":{"line":9,"column":18},"end":{"line":14,"column":3}},"line":9},"3":{"name":"(anonymous_3)","decl":{"start":{"line":13,"column":12},"end":{"line":13,"column":13}},"loc":{"start":{"line":13,"column":17},"end":{"line":13,"column":25}},"line":13},"4":{"name":"(anonymous_4)","decl":{"start":{"line":16,"column":2},"end":{"line":16,"column":3}},"loc":{"start":{"line":16,"column":17},"end":{"line":18,"column":3}},"line":16},"5":{"name":"(anonymous_5)","decl":{"start":{"line":17,"column":76},"end":{"line":17,"column":77}},"loc":{"start":{"line":17,"column":81},"end":{"line":17,"column":89}},"line":17},"6":{"name":"(anonymous_6)","decl":{"start":{"line":20,"column":2},"end":{"line":20,"column":3}},"loc":{"start":{"line":20,"column":12},"end":{"line":22,"column":3}},"line":20},"7":{"name":"(anonymous_7)","decl":{"start":{"line":21,"column":70},"end":{"line":21,"column":71}},"loc":{"start":{"line":21,"column":75},"end":{"line":21,"column":83}},"line":21},"8":{"name":"(anonymous_8)","decl":{"start":{"line":24,"column":2},"end":{"line":24,"column":3}},"loc":{"start":{"line":24,"column":18},"end":{"line":29,"column":3}},"line":24},"9":{"name":"(anonymous_9)","decl":{"start":{"line":28,"column":12},"end":{"line":28,"column":13}},"loc":{"start":{"line":28,"column":17},"end":{"line":28,"column":25}},"line":28}},"branchMap":{},"s":{"0":2,"1":0,"2":0,"3":0,"4":0,"5":0,"6":0,"7":3,"8":0,"9":0,"10":0},"f":{"0":0,"1":0,"2":0,"3":0,"4":0,"5":0,"6":3,"7":0,"8":0,"9":0},"b":{},"_coverageSchema":"1a1c01bbd47fc00a2c39e90264f33305004495a9","hash":"c502a8dcabbc049bfb50321971b08068e1287279"}
,"/Users/lauraoliveira/Documents/workspace/carango-bom-base/src/services/VeiculoService.js": {"path":"/Users/lauraoliveira/Documents/workspace/carango-bom-base/src/services/VeiculoService.js","statementMap":{"0":{"start":{"line":1,"column":23},"end":{"line":47,"column":1}},"1":{"start":{"line":3,"column":4},"end":{"line":6,"column":28}},"2":{"start":{"line":6,"column":19},"end":{"line":6,"column":27}},"3":{"start":{"line":10,"column":4},"end":{"line":13,"column":28}},"4":{"start":{"line":13,"column":19},"end":{"line":13,"column":27}},"5":{"start":{"line":17,"column":4},"end":{"line":17,"column":94}},"6":{"start":{"line":17,"column":85},"end":{"line":17,"column":93}},"7":{"start":{"line":21,"column":4},"end":{"line":30,"column":8}},"8":{"start":{"line":23,"column":8},"end":{"line":25,"column":9}},"9":{"start":{"line":24,"column":10},"end":{"line":24,"column":67}},"10":{"start":{"line":26,"column":8},"end":{"line":26,"column":23}},"11":{"start":{"line":29,"column":8},"end":{"line":29,"column":29}},"12":{"start":{"line":34,"column":4},"end":{"line":45,"column":8}},"13":{"start":{"line":38,"column":8},"end":{"line":40,"column":9}},"14":{"start":{"line":39,"column":10},"end":{"line":39,"column":66}},"15":{"start":{"line":41,"column":8},"end":{"line":41,"column":23}},"16":{"start":{"line":44,"column":8},"end":{"line":44,"column":29}}},"fnMap":{"0":{"name":"(anonymous_0)","decl":{"start":{"line":2,"column":2},"end":{"line":2,"column":3}},"loc":{"start":{"line":2,"column":21},"end":{"line":7,"column":3}},"line":2},"1":{"name":"(anonymous_1)","decl":{"start":{"line":6,"column":12},"end":{"line":6,"column":13}},"loc":{"start":{"line":6,"column":19},"end":{"line":6,"column":27}},"line":6},"2":{"name":"(anonymous_2)","decl":{"start":{"line":9,"column":2},"end":{"line":9,"column":3}},"loc":{"start":{"line":9,"column":19},"end":{"line":14,"column":3}},"line":9},"3":{"name":"(anonymous_3)","decl":{"start":{"line":13,"column":12},"end":{"line":13,"column":13}},"loc":{"start":{"line":13,"column":19},"end":{"line":13,"column":27}},"line":13},"4":{"name":"(anonymous_4)","decl":{"start":{"line":16,"column":2},"end":{"line":16,"column":3}},"loc":{"start":{"line":16,"column":16},"end":{"line":18,"column":3}},"line":16},"5":{"name":"(anonymous_5)","decl":{"start":{"line":17,"column":78},"end":{"line":17,"column":79}},"loc":{"start":{"line":17,"column":85},"end":{"line":17,"column":93}},"line":17},"6":{"name":"(anonymous_6)","decl":{"start":{"line":20,"column":2},"end":{"line":20,"column":3}},"loc":{"start":{"line":20,"column":11},"end":{"line":31,"column":3}},"line":20},"7":{"name":"(anonymous_7)","decl":{"start":{"line":22,"column":12},"end":{"line":22,"column":13}},"loc":{"start":{"line":22,"column":19},"end":{"line":27,"column":7}},"line":22},"8":{"name":"(anonymous_8)","decl":{"start":{"line":28,"column":13},"end":{"line":28,"column":14}},"loc":{"start":{"line":28,"column":23},"end":{"line":30,"column":7}},"line":28},"9":{"name":"(anonymous_9)","decl":{"start":{"line":33,"column":2},"end":{"line":33,"column":3}},"loc":{"start":{"line":33,"column":14},"end":{"line":46,"column":3}},"line":33},"10":{"name":"(anonymous_10)","decl":{"start":{"line":37,"column":12},"end":{"line":37,"column":13}},"loc":{"start":{"line":37,"column":19},"end":{"line":42,"column":7}},"line":37},"11":{"name":"(anonymous_11)","decl":{"start":{"line":43,"column":13},"end":{"line":43,"column":14}},"loc":{"start":{"line":43,"column":23},"end":{"line":45,"column":7}},"line":43}},"branchMap":{"0":{"loc":{"start":{"line":23,"column":8},"end":{"line":25,"column":9}},"type":"if","locations":[{"start":{"line":23,"column":8},"end":{"line":25,"column":9}},{"start":{"line":23,"column":8},"end":{"line":25,"column":9}}],"line":23},"1":{"loc":{"start":{"line":38,"column":8},"end":{"line":40,"column":9}},"type":"if","locations":[{"start":{"line":38,"column":8},"end":{"line":40,"column":9}},{"start":{"line":38,"column":8},"end":{"line":40,"column":9}}],"line":38}},"s":{"0":3,"1":0,"2":0,"3":0,"4":0,"5":0,"6":0,"7":0,"8":0,"9":0,"10":0,"11":0,"12":0,"13":0,"14":0,"15":0,"16":0},"f":{"0":0,"1":0,"2":0,"3":0,"4":0,"5":0,"6":0,"7":0,"8":0,"9":0,"10":0,"11":0},"b":{"0":[0,0],"1":[0,0]},"_coverageSchema":"1a1c01bbd47fc00a2c39e90264f33305004495a9","hash":"c36a13162f214190a6d86ac2f8f1f471f2ac0669"}
,"/Users/lauraoliveira/Documents/workspace/carango-bom-base/src/utils/index.js": {"path":"/Users/lauraoliveira/Documents/workspace/carango-bom-base/src/utils/index.js","statementMap":{"0":{"start":{"line":1,"column":26},"end":{"line":4,"column":2}},"1":{"start":{"line":6,"column":30},"end":{"line":6,"column":72}},"2":{"start":{"line":6,"column":41},"end":{"line":6,"column":72}}},"fnMap":{"0":{"name":"(anonymous_0)","decl":{"start":{"line":6,"column":30},"end":{"line":6,"column":31}},"loc":{"start":{"line":6,"column":41},"end":{"line":6,"column":72}},"line":6}},"branchMap":{},"s":{"0":3,"1":3,"2":4},"f":{"0":4},"b":{},"_coverageSchema":"1a1c01bbd47fc00a2c39e90264f33305004495a9","hash":"fe63f1e6cd41e928026f01ba98832dde6d0a8182"}
}
