TN:
SF:src/App.js
FN:21,(anonymous_0)
FN:42,App
FNF:2
FNH:2
FNDA:1,(anonymous_0)
FNDA:1,App
DA:10,1
DA:21,1
DA:43,1
DA:45,1
LF:4
LH:4
BRF:0
BRH:0
end_of_record
TN:
SF:src/Constants.js
FNF:0
FNH:0
DA:1,0
LF:1
LH:0
BRF:0
BRH:0
end_of_record
TN:
SF:src/index.js
FNF:0
FNH:0
DA:9,0
DA:19,0
LF:2
LH:0
BRF:0
BRH:0
end_of_record
TN:
SF:src/reportWebVitals.js
FN:1,(anonymous_0)
FN:3,(anonymous_1)
FNF:2
FNH:0
FNDA:0,(anonymous_0)
FNDA:0,(anonymous_1)
DA:1,0
DA:2,0
DA:3,0
DA:4,0
DA:5,0
DA:6,0
DA:7,0
DA:8,0
LF:8
LH:0
BRDA:2,0,0,0
BRDA:2,0,1,0
BRDA:2,1,0,0
BRDA:2,1,1,0
BRF:4
BRH:0
end_of_record
TN:
SF:src/api/request.js
FN:7,request
FN:23,handleError
FNF:2
FNH:2
FNDA:5,request
FNDA:1,handleError
DA:1,6
DA:3,6
DA:8,5
DA:12,5
DA:13,0
DA:15,5
DA:16,0
DA:17,0
DA:20,0
DA:26,1
DA:27,1
DA:29,1
LF:12
LH:8
BRDA:7,0,0,5
BRDA:9,1,0,5
BRDA:9,1,1,5
BRDA:12,2,0,0
BRDA:12,2,1,5
BRDA:16,3,0,0
BRDA:16,3,1,0
BRF:7
BRH:4
end_of_record
TN:
SF:src/components/CustomPagination/index.jsx
FN:7,(anonymous_0)
FN:15,CustomPagination
FN:26,(anonymous_2)
FN:27,(anonymous_3)
FNF:4
FNH:4
FNDA:14,(anonymous_0)
FNDA:86,CustomPagination
FNDA:195,(anonymous_2)
FNDA:1,(anonymous_3)
DA:7,14
DA:16,86
DA:17,86
DA:19,86
DA:26,195
DA:27,1
LF:6
LH:6
BRF:0
BRH:0
end_of_record
TN:
SF:src/components/Header/index.jsx
FN:9,Header
FN:10,(anonymous_1)
FN:39,(anonymous_2)
FNF:3
FNH:3
FNDA:1,Header
FNDA:1,(anonymous_1)
FNDA:3,(anonymous_2)
DA:10,1
DA:30,1
DA:32,1
DA:40,3
LF:4
LH:4
BRF:0
BRH:0
end_of_record
TN:
SF:src/components/Table/index.jsx
FN:13,Table
FN:19,(anonymous_1)
FN:23,(anonymous_2)
FN:24,(anonymous_3)
FN:34,(anonymous_4)
FN:38,(anonymous_5)
FN:45,(anonymous_6)
FN:52,(anonymous_7)
FN:53,(anonymous_8)
FN:89,(anonymous_9)
FNF:10
FNH:9
FNDA:51,Table
FNDA:2,(anonymous_1)
FNDA:2,(anonymous_2)
FNDA:2,(anonymous_3)
FNDA:0,(anonymous_4)
FNDA:14,(anonymous_5)
FNDA:7,(anonymous_6)
FNDA:13,(anonymous_7)
FNDA:13,(anonymous_8)
FNDA:2,(anonymous_9)
DA:14,51
DA:15,51
DA:16,51
DA:17,51
DA:19,51
DA:20,2
DA:21,2
DA:22,2
DA:23,2
DA:24,2
DA:25,2
DA:28,2
DA:30,0
DA:34,51
DA:35,0
DA:38,51
DA:39,14
DA:46,7
DA:52,51
DA:53,13
DA:55,13
DA:56,13
DA:57,13
DA:58,7
DA:59,7
DA:60,7
DA:62,4
DA:65,13
DA:68,51
DA:89,2
DA:96,3
LF:31
LH:29
BRDA:70,0,0,4
BRDA:70,0,1,47
BRF:2
BRH:2
end_of_record
TN:
SF:src/components/Table/useStyles.js
FN:3,(anonymous_0)
FNF:1
FNH:1
FNDA:12,(anonymous_0)
DA:3,12
LF:1
LH:1
BRF:0
BRH:0
end_of_record
TN:
SF:src/components/TableActionButtons/index.jsx
FN:7,(anonymous_0)
FN:13,TableActionButtons
FN:22,(anonymous_2)
FN:33,(anonymous_3)
FNF:4
FNH:4
FNDA:8,(anonymous_0)
FNDA:8,TableActionButtons
FNDA:3,(anonymous_2)
FNDA:1,(anonymous_3)
DA:7,8
DA:14,8
DA:16,8
DA:22,3
DA:33,1
DA:42,4
LF:6
LH:6
BRF:0
BRH:0
end_of_record
TN:
SF:src/hooks/useErros.js
FN:3,useErros
FN:8,validarCampos
FN:15,possoEnviar
FN:28,criarEstadoInicial
FNF:4
FNH:3
FNDA:7,useErros
FNDA:0,validarCampos
FNDA:8,possoEnviar
FNDA:7,criarEstadoInicial
DA:4,7
DA:6,7
DA:9,0
DA:10,0
DA:11,0
DA:12,0
DA:16,8
DA:17,32
DA:18,0
DA:22,8
DA:25,7
DA:29,7
DA:30,7
DA:31,28
DA:34,7
LF:15
LH:10
BRDA:17,0,0,0
BRDA:17,0,1,32
BRF:2
BRH:1
end_of_record
TN:
SF:src/pages/CadastroMarca/CadastroMarca.jsx
FN:8,(anonymous_0)
FN:19,CadastroMarca
FN:28,(anonymous_2)
FN:39,cancelar
FN:43,(anonymous_4)
FN:45,(anonymous_5)
FN:49,cadastrar
FN:69,(anonymous_7)
FN:73,(anonymous_8)
FN:84,(anonymous_9)
FNF:10
FNH:8
FNDA:6,(anonymous_0)
FNDA:14,CadastroMarca
FNDA:0,(anonymous_2)
FNDA:1,cancelar
FNDA:6,(anonymous_4)
FNDA:3,(anonymous_5)
FNDA:1,cadastrar
FNDA:1,(anonymous_7)
FNDA:0,(anonymous_8)
FNDA:1,(anonymous_9)
DA:8,6
DA:20,14
DA:21,14
DA:23,14
DA:24,14
DA:25,14
DA:27,14
DA:29,0
DA:30,0
DA:32,0
DA:37,14
DA:40,1
DA:43,14
DA:44,6
DA:45,3
DA:50,1
DA:51,1
DA:52,1
DA:53,1
DA:54,1
DA:55,1
DA:57,0
DA:61,14
DA:70,1
DA:71,1
DA:72,1
DA:73,0
DA:74,0
DA:77,1
DA:84,1
LF:30
LH:24
BRDA:29,0,0,0
BRDA:29,0,1,0
BRDA:29,1,0,0
BRDA:29,1,1,0
BRDA:44,2,0,3
BRDA:44,2,1,3
BRDA:63,3,0,0
BRDA:63,3,1,14
BRDA:71,4,0,1
BRDA:71,4,1,0
BRDA:72,5,0,0
BRDA:72,5,1,1
BRDA:99,6,0,7
BRDA:99,6,1,7
BRF:14
BRH:7
end_of_record
TN:
SF:src/pages/CadastroVeiculo/CadastroVeiculo.jsx
FN:9,(anonymous_0)
FN:20,CadastroVeiculo
FN:35,(anonymous_2)
FN:42,(anonymous_3)
FN:52,(anonymous_4)
FN:59,(anonymous_5)
FN:70,(anonymous_6)
FN:75,(anonymous_7)
FN:88,cancelar
FN:92,cadastrar
FN:117,(anonymous_10)
FN:122,(anonymous_11)
FN:133,(anonymous_12)
FN:134,(anonymous_13)
FN:151,(anonymous_14)
FN:161,(anonymous_15)
FN:162,(anonymous_16)
FN:182,(anonymous_17)
FN:183,(anonymous_18)
FN:203,(anonymous_19)
FN:204,(anonymous_20)
FNF:21
FNH:6
FNDA:3,(anonymous_0)
FNDA:7,CadastroVeiculo
FNDA:0,(anonymous_2)
FNDA:0,(anonymous_3)
FNDA:0,(anonymous_4)
FNDA:0,(anonymous_5)
FNDA:3,(anonymous_6)
FNDA:3,(anonymous_7)
FNDA:0,cancelar
FNDA:1,cadastrar
FNDA:1,(anonymous_10)
FNDA:0,(anonymous_11)
FNDA:0,(anonymous_12)
FNDA:0,(anonymous_13)
FNDA:0,(anonymous_14)
FNDA:1,(anonymous_15)
FNDA:1,(anonymous_16)
FNDA:1,(anonymous_17)
FNDA:1,(anonymous_18)
FNDA:0,(anonymous_19)
FNDA:0,(anonymous_20)
DA:9,3
DA:21,7
DA:22,7
DA:28,7
DA:30,7
DA:31,7
DA:32,7
DA:34,7
DA:36,0
DA:37,0
DA:39,0
DA:43,0
DA:44,0
DA:49,0
DA:53,0
DA:54,0
DA:56,0
DA:60,0
DA:61,0
DA:63,0
DA:68,7
DA:70,7
DA:71,3
DA:72,0
DA:75,7
DA:76,3
DA:77,0
DA:78,0
DA:80,0
DA:90,0
DA:94,1
DA:95,1
DA:96,1
DA:97,1
DA:103,1
DA:104,1
DA:106,0
DA:110,7
DA:119,1
DA:121,1
DA:122,1
DA:123,0
DA:124,0
DA:127,1
DA:135,0
DA:153,0
DA:162,0
DA:183,0
DA:204,0
LF:49
LH:24
BRDA:36,0,0,0
BRDA:36,0,1,0
BRDA:43,1,0,0
BRDA:43,1,1,0
BRDA:43,2,0,0
BRDA:43,2,1,0
BRDA:53,3,0,0
BRDA:53,3,1,0
BRDA:53,4,0,0
BRDA:53,4,1,0
BRDA:60,5,0,0
BRDA:60,5,1,0
BRDA:76,6,0,0
BRDA:76,6,1,3
BRDA:112,7,0,0
BRDA:112,7,1,7
BRDA:121,8,0,1
BRDA:121,8,1,0
BRDA:122,9,0,0
BRDA:122,9,1,1
BRDA:151,10,0,7
BRDA:151,10,1,7
BRDA:223,11,0,0
BRDA:223,11,1,7
BRF:24
BRH:7
end_of_record
TN:
SF:src/pages/ListagemMarcas/ListagemMarcas.jsx
FN:5,ListagemMarcas
FN:8,(anonymous_1)
FN:9,(anonymous_2)
FNF:3
FNH:3
FNDA:7,ListagemMarcas
FNDA:3,(anonymous_1)
FNDA:3,(anonymous_2)
DA:6,7
DA:8,7
DA:9,3
DA:15,7
LF:4
LH:4
BRF:0
BRH:0
end_of_record
TN:
SF:src/pages/ListagemVeiculos/ListagemVeiculos.jsx
FN:7,ListagemVeiculos
FN:15,(anonymous_1)
FN:16,(anonymous_2)
FNF:3
FNH:3
FNDA:7,ListagemVeiculos
FNDA:4,(anonymous_1)
FNDA:4,(anonymous_2)
DA:8,7
DA:15,7
DA:16,4
DA:25,7
LF:4
LH:4
BRF:0
BRH:0
end_of_record
TN:
SF:src/routes/index.jsx
FN:11,Routes
FNF:1
FNH:1
FNDA:1,Routes
DA:12,1
LF:1
LH:1
BRF:0
BRH:0
end_of_record
TN:
SF:src/services/MarcaService.js
FN:6,(anonymous_0)
FN:10,(anonymous_1)
FN:14,(anonymous_2)
FN:18,(anonymous_3)
FN:22,(anonymous_4)
FNF:5
FNH:1
FNDA:0,(anonymous_0)
FNDA:0,(anonymous_1)
FNDA:0,(anonymous_2)
FNDA:4,(anonymous_3)
FNDA:0,(anonymous_4)
DA:3,4
DA:5,4
DA:7,0
DA:11,0
DA:15,0
DA:19,4
DA:23,0
LF:7
LH:3
BRF:0
BRH:0
end_of_record
TN:
SF:src/services/VeiculoService.js
FN:6,(anonymous_0)
FN:10,(anonymous_1)
FN:14,(anonymous_2)
FN:18,(anonymous_3)
FN:22,(anonymous_4)
FNF:5
FNH:1
FNDA:0,(anonymous_0)
FNDA:0,(anonymous_1)
FNDA:0,(anonymous_2)
FNDA:1,(anonymous_3)
FNDA:0,(anonymous_4)
DA:3,3
DA:5,3
DA:7,0
DA:11,0
DA:15,0
DA:19,1
DA:23,0
LF:7
LH:3
BRF:0
BRH:0
end_of_record
TN:
SF:src/utils/index.js
FN:6,(anonymous_0)
FNF:1
FNH:1
FNDA:4,(anonymous_0)
DA:1,2
DA:6,4
LF:2
LH:2
BRF:0
BRH:0
end_of_record
