TN:
SF:src/App.js
FN:21,(anonymous_0)
FN:42,App
FNF:2
FNH:2
FNDA:1,(anonymous_0)
FNDA:1,App
DA:10,1
DA:21,1
DA:43,1
DA:45,1
LF:4
LH:4
BRF:0
BRH:0
end_of_record
TN:
SF:src/Constants.js
FNF:0
FNH:0
DA:1,0
LF:1
LH:0
BRF:0
BRH:0
end_of_record
TN:
SF:src/index.js
FNF:0
FNH:0
DA:9,0
DA:19,0
LF:2
LH:0
BRF:0
BRH:0
end_of_record
TN:
SF:src/reportWebVitals.js
FN:1,(anonymous_0)
FN:3,(anonymous_1)
FNF:2
FNH:0
FNDA:0,(anonymous_0)
FNDA:0,(anonymous_1)
DA:1,0
DA:2,0
DA:3,0
DA:4,0
DA:5,0
DA:6,0
DA:7,0
DA:8,0
LF:8
LH:0
BRDA:2,0,0,0
BRDA:2,0,1,0
BRDA:2,1,0,0
BRDA:2,1,1,0
BRF:4
BRH:0
end_of_record
TN:
SF:src/api/request.js
FN:7,request
FN:23,handleError
FNF:2
FNH:2
FNDA:3,request
FNDA:1,handleError
DA:1,4
DA:3,4
DA:8,3
DA:12,3
DA:13,0
DA:15,3
DA:16,0
DA:17,0
DA:20,0
DA:26,1
DA:27,1
DA:29,1
LF:12
LH:8
BRDA:7,0,0,3
BRDA:9,1,0,3
BRDA:9,1,1,3
BRDA:12,2,0,0
BRDA:12,2,1,3
BRDA:16,3,0,0
BRDA:16,3,1,0
BRF:7
BRH:4
end_of_record
TN:
SF:src/components/CustomPagination/index.jsx
FN:7,(anonymous_0)
FN:15,CustomPagination
FN:26,(anonymous_2)
FN:27,(anonymous_3)
FNF:4
FNH:4
FNDA:9,(anonymous_0)
FNDA:53,CustomPagination
FNDA:122,(anonymous_2)
FNDA:1,(anonymous_3)
DA:7,9
DA:16,53
DA:17,53
DA:19,53
DA:26,122
DA:27,1
LF:6
LH:6
BRF:0
BRH:0
end_of_record
TN:
SF:src/components/Header/index.jsx
FN:9,Header
FN:10,(anonymous_1)
FN:39,(anonymous_2)
FNF:3
FNH:3
FNDA:1,Header
FNDA:1,(anonymous_1)
FNDA:3,(anonymous_2)
DA:10,1
DA:30,1
DA:32,1
DA:40,3
LF:4
LH:4
BRF:0
BRH:0
end_of_record
TN:
SF:src/components/Table/index.jsx
FN:13,Table
FN:19,(anonymous_1)
FN:23,(anonymous_2)
FN:24,(anonymous_3)
FN:34,(anonymous_4)
FN:40,(anonymous_5)
FN:45,(anonymous_6)
FN:46,(anonymous_7)
FN:82,(anonymous_8)
FNF:9
FNH:9
FNDA:30,Table
FNDA:1,(anonymous_1)
FNDA:1,(anonymous_2)
FNDA:1,(anonymous_3)
FNDA:9,(anonymous_4)
FNDA:4,(anonymous_5)
FNDA:8,(anonymous_6)
FNDA:8,(anonymous_7)
FNDA:1,(anonymous_8)
DA:14,30
DA:15,30
DA:16,30
DA:17,30
DA:19,30
DA:20,1
DA:21,1
DA:22,1
DA:23,1
DA:24,1
DA:25,1
DA:28,1
DA:30,0
DA:34,30
DA:35,9
DA:40,4
DA:45,30
DA:46,8
DA:48,8
DA:49,8
DA:50,8
DA:51,4
DA:52,4
DA:53,4
DA:55,2
DA:58,8
DA:61,30
DA:82,1
DA:89,2
LF:29
LH:28
BRDA:63,0,0,2
BRDA:63,0,1,28
BRF:2
BRH:2
end_of_record
TN:
SF:src/components/Table/useStyles.js
FN:3,(anonymous_0)
FNF:1
FNH:1
FNDA:7,(anonymous_0)
DA:3,7
LF:1
LH:1
BRF:0
BRH:0
end_of_record
TN:
SF:src/components/TableActionButtons/index.jsx
FN:7,(anonymous_0)
FN:13,TableActionButtons
FN:22,(anonymous_2)
FN:33,(anonymous_3)
FNF:4
FNH:4
FNDA:5,(anonymous_0)
FNDA:5,TableActionButtons
FNDA:2,(anonymous_2)
FNDA:1,(anonymous_3)
DA:7,5
DA:14,5
DA:16,5
DA:22,2
DA:33,1
DA:42,3
LF:6
LH:6
BRF:0
BRH:0
end_of_record
TN:
SF:src/hooks/useErros.js
FN:3,useErros
FN:8,validarCampos
FN:15,possoEnviar
FN:28,criarEstadoInicial
FNF:4
FNH:3
FNDA:1,useErros
FNDA:0,validarCampos
FNDA:1,possoEnviar
FNDA:1,criarEstadoInicial
DA:4,1
DA:6,1
DA:9,0
DA:10,0
DA:11,0
DA:12,0
DA:16,1
DA:17,4
DA:18,0
DA:22,1
DA:25,1
DA:29,1
DA:30,1
DA:31,4
DA:34,1
LF:15
LH:10
BRDA:17,0,0,0
BRDA:17,0,1,4
BRF:2
BRH:1
end_of_record
TN:
SF:src/pages/CadastroMarca/CadastroMarca.jsx
FN:8,(anonymous_0)
FN:19,CadastroMarca
FN:28,(anonymous_2)
FN:39,cancelar
FN:44,(anonymous_4)
FN:46,(anonymous_5)
FN:50,cadastrar
FN:70,(anonymous_7)
FN:74,(anonymous_8)
FN:85,(anonymous_9)
FNF:10
FNH:0
FNDA:0,(anonymous_0)
FNDA:0,CadastroMarca
FNDA:0,(anonymous_2)
FNDA:0,cancelar
FNDA:0,(anonymous_4)
FNDA:0,(anonymous_5)
FNDA:0,cadastrar
FNDA:0,(anonymous_7)
FNDA:0,(anonymous_8)
FNDA:0,(anonymous_9)
DA:8,1
DA:20,0
DA:21,0
DA:23,0
DA:24,0
DA:25,0
DA:27,0
DA:29,0
DA:30,0
DA:32,0
DA:37,0
DA:40,0
DA:44,0
DA:45,0
DA:46,0
DA:51,0
DA:52,0
DA:53,0
DA:54,0
DA:55,0
DA:56,0
DA:58,0
DA:62,0
DA:71,0
DA:72,0
DA:73,0
DA:74,0
DA:75,0
DA:78,0
DA:85,0
LF:30
LH:1
BRDA:29,0,0,0
BRDA:29,0,1,0
BRDA:29,1,0,0
BRDA:29,1,1,0
BRDA:45,2,0,0
BRDA:45,2,1,0
BRDA:64,3,0,0
BRDA:64,3,1,0
BRDA:72,4,0,0
BRDA:72,4,1,0
BRDA:73,5,0,0
BRDA:73,5,1,0
BRDA:100,6,0,0
BRDA:100,6,1,0
BRF:14
BRH:0
end_of_record
TN:
SF:src/pages/CadastroVeiculo/CadastroVeiculo.jsx
FN:9,(anonymous_0)
FN:20,CadastroVeiculo
FN:35,(anonymous_2)
FN:42,(anonymous_3)
FN:52,(anonymous_4)
FN:59,(anonymous_5)
FN:70,(anonymous_6)
FN:75,(anonymous_7)
FN:88,cancelar
FN:92,cadastrar
FN:117,(anonymous_10)
FN:122,(anonymous_11)
FN:133,(anonymous_12)
FN:134,(anonymous_13)
FN:151,(anonymous_14)
FN:160,(anonymous_15)
FN:161,(anonymous_16)
FN:181,(anonymous_17)
FN:182,(anonymous_18)
FN:202,(anonymous_19)
FN:203,(anonymous_20)
FNF:21
FNH:4
FNDA:1,(anonymous_0)
FNDA:1,CadastroVeiculo
FNDA:0,(anonymous_2)
FNDA:0,(anonymous_3)
FNDA:0,(anonymous_4)
FNDA:0,(anonymous_5)
FNDA:1,(anonymous_6)
FNDA:1,(anonymous_7)
FNDA:0,cancelar
FNDA:0,cadastrar
FNDA:0,(anonymous_10)
FNDA:0,(anonymous_11)
FNDA:0,(anonymous_12)
FNDA:0,(anonymous_13)
FNDA:0,(anonymous_14)
FNDA:0,(anonymous_15)
FNDA:0,(anonymous_16)
FNDA:0,(anonymous_17)
FNDA:0,(anonymous_18)
FNDA:0,(anonymous_19)
FNDA:0,(anonymous_20)
DA:9,2
DA:21,1
DA:22,1
DA:28,1
DA:30,1
DA:31,1
DA:32,1
DA:34,1
DA:36,0
DA:37,0
DA:39,0
DA:43,0
DA:44,0
DA:49,0
DA:53,0
DA:54,0
DA:56,0
DA:60,0
DA:61,0
DA:63,0
DA:68,1
DA:70,1
DA:71,1
DA:72,0
DA:75,1
DA:76,1
DA:77,0
DA:79,0
DA:89,0
DA:93,0
DA:94,0
DA:95,0
DA:96,0
DA:102,0
DA:103,0
DA:105,0
DA:109,1
DA:118,0
DA:120,0
DA:121,0
DA:122,0
DA:123,0
DA:126,0
DA:134,0
DA:152,0
DA:161,0
DA:182,0
DA:203,0
LF:48
LH:14
BRDA:36,0,0,0
BRDA:36,0,1,0
BRDA:43,1,0,0
BRDA:43,1,1,0
BRDA:43,2,0,0
BRDA:43,2,1,0
BRDA:53,3,0,0
BRDA:53,3,1,0
BRDA:53,4,0,0
BRDA:53,4,1,0
BRDA:60,5,0,0
BRDA:60,5,1,0
BRDA:76,6,0,0
BRDA:76,6,1,1
BRDA:111,7,0,0
BRDA:111,7,1,1
BRDA:120,8,0,0
BRDA:120,8,1,0
BRDA:121,9,0,0
BRDA:121,9,1,0
BRDA:150,10,0,1
BRDA:150,10,1,1
BRDA:222,11,0,0
BRDA:222,11,1,1
BRF:24
BRH:5
end_of_record
TN:
SF:src/pages/ListagemMarcas/ListagemMarcas.jsx
FN:5,ListagemMarcas
FN:8,(anonymous_1)
FN:9,(anonymous_2)
FNF:3
FNH:1
FNDA:2,ListagemMarcas
FNDA:0,(anonymous_1)
FNDA:0,(anonymous_2)
DA:6,2
DA:8,2
DA:9,0
DA:15,2
LF:4
LH:3
BRF:0
BRH:0
end_of_record
TN:
SF:src/pages/ListagemVeiculos/ListagemVeiculos.jsx
FN:7,ListagemVeiculos
FN:15,(anonymous_1)
FN:16,(anonymous_2)
FNF:3
FNH:3
FNDA:7,ListagemVeiculos
FNDA:4,(anonymous_1)
FNDA:4,(anonymous_2)
DA:8,7
DA:15,7
DA:16,4
DA:25,7
LF:4
LH:4
BRF:0
BRH:0
end_of_record
TN:
SF:src/routes/index.jsx
FN:11,Routes
FNF:1
FNH:1
FNDA:1,Routes
DA:12,1
LF:1
LH:1
BRF:0
BRH:0
end_of_record
TN:
SF:src/services/MarcaService.js
FN:6,(anonymous_0)
FN:10,(anonymous_1)
FN:14,(anonymous_2)
FN:18,(anonymous_3)
FN:22,(anonymous_4)
FNF:5
FNH:1
FNDA:0,(anonymous_0)
FNDA:0,(anonymous_1)
FNDA:0,(anonymous_2)
FNDA:2,(anonymous_3)
FNDA:0,(anonymous_4)
DA:3,2
DA:5,2
DA:7,0
DA:11,0
DA:15,0
DA:19,2
DA:23,0
LF:7
LH:3
BRF:0
BRH:0
end_of_record
TN:
SF:src/services/VeiculoService.js
FN:6,(anonymous_0)
FN:10,(anonymous_1)
FN:14,(anonymous_2)
FN:18,(anonymous_3)
FN:22,(anonymous_4)
FNF:5
FNH:1
FNDA:0,(anonymous_0)
FNDA:0,(anonymous_1)
FNDA:0,(anonymous_2)
FNDA:1,(anonymous_3)
FNDA:0,(anonymous_4)
DA:3,3
DA:5,3
DA:7,0
DA:11,0
DA:15,0
DA:19,1
DA:23,0
LF:7
LH:3
BRF:0
BRH:0
end_of_record
TN:
SF:src/utils/index.js
FN:6,(anonymous_0)
FNF:1
FNH:1
FNDA:4,(anonymous_0)
DA:1,2
DA:6,4
LF:2
LH:2
BRF:0
BRH:0
end_of_record
